#
# There is insufficient memory for the Java Runtime Environment to continue.
# Native memory allocation (malloc) failed to allocate 524304 bytes for Chunk::new
# Possible reasons:
#   The system is out of physical RAM or swap space
#   The process is running with CompressedOops enabled, and the Java Heap may be blocking the growth of the native heap
# Possible solutions:
#   Reduce memory load on the system
#   Increase physical memory or swap space
#   Check if swap backing store is full
#   Decrease Java heap size (-Xmx/-Xms)
#   Decrease number of Java threads
#   Decrease Java thread stack sizes (-Xss)
#   Set larger code cache with -XX:ReservedCodeCacheSize=
#   JVM is running with Zero Based Compressed Oops mode in which the Java heap is
#     placed in the first 32GB address space. The Java Heap base address is the
#     maximum limit for the native heap growth. Please use -XX:HeapBaseMinAddress
#     to set the Java Heap base and to place the Java Heap above 32GB virtual address.
# This output file may be truncated or incomplete.
#
#  Out of Memory Error (arena.cpp:168), pid=12936, tid=23788
#
# JRE version: Java(TM) SE Runtime Environment (21.0.5+9) (build 21.0.5+9-LTS-239)
# Java VM: Java HotSpot(TM) 64-Bit Server VM (21.0.5+9-LTS-239, mixed mode, sharing, tiered, compressed oops, compressed class ptrs, g1 gc, windows-amd64)
# No core dump will be written. Minidumps are not enabled by default on client versions of Windows
#

---------------  S U M M A R Y ------------

Command Line: -Dmaven.multiModuleProjectDirectory=C:\Users\pc\Documents\OSM\treasure-hunt -Djansi.passthrough=true -Dmaven.home=C:\Users\pc\.m2\wrapper\dists\apache-maven-3.9.9-bin\4nf9hui3q3djbarqar9g711ggc\apache-maven-3.9.9 -Dclassworlds.conf=C:\Users\pc\.m2\wrapper\dists\apache-maven-3.9.9-bin\4nf9hui3q3djbarqar9g711ggc\apache-maven-3.9.9\bin\m2.conf -Dmaven.ext.class.path=C:\Program Files\JetBrains\IntelliJ IDEA 2024.3.2.1\plugins\maven\lib\maven-event-listener.jar -javaagent:C:\Program Files\JetBrains\IntelliJ IDEA 2024.3.2.1\lib\idea_rt.jar=54179:C:\Program Files\JetBrains\IntelliJ IDEA 2024.3.2.1\bin -Dfile.encoding=UTF-8 -Dsun.stdout.encoding=UTF-8 -Dsun.stderr.encoding=UTF-8 org.codehaus.classworlds.Launcher -Didea.version=2024.3.2.1 install

Host: Intel(R) Core(TM) i7-7700HQ CPU @ 2.80GHz, 8 cores, 11G,  Windows 10 , 64 bit Build 19041 (10.0.19041.5198)
Time: Wed Jan 29 16:42:11 2025 Morocco Daylight Time elapsed time: 8.424358 seconds (0d 0h 0m 8s)

---------------  T H R E A D  ---------------

Current thread (0x000002012e940bc0):  JavaThread "C2 CompilerThread0" daemon [_thread_in_native, id=23788, stack(0x000000f9d1c00000,0x000000f9d1d00000) (1024K)]


Current CompileTask:
C2:   8424 8379       4       org.codehaus.plexus.classworlds.realm.ClassRealm::loadClass (7 bytes)

Stack: [0x000000f9d1c00000,0x000000f9d1d00000]
Native frames: (J=compiled Java code, j=interpreted, Vv=VM code, C=native code)
V  [jvm.dll+0x6ca289]
V  [jvm.dll+0x854a51]
V  [jvm.dll+0x856f7e]
V  [jvm.dll+0x857653]
V  [jvm.dll+0x27dd26]
V  [jvm.dll+0xc4c2d]
V  [jvm.dll+0xc5163]
V  [jvm.dll+0xc4d55]
V  [jvm.dll+0x141764]
V  [jvm.dll+0x13f642]
V  [jvm.dll+0x13ef68]
V  [jvm.dll+0x2468c1]
V  [jvm.dll+0x245eef]
V  [jvm.dll+0x1c6d0e]
V  [jvm.dll+0x2554d9]
V  [jvm.dll+0x253a6a]
V  [jvm.dll+0x3ee136]
V  [jvm.dll+0x7fee9b]
V  [jvm.dll+0x6c896d]
C  [ucrtbase.dll+0x21bb2]
C  [KERNEL32.DLL+0x17374]
C  [ntdll.dll+0x4cc91]


---------------  P R O C E S S  ---------------

Threads class SMR info:
_java_thread_list=0x0000020176fde770, length=21, elements={
0x000002010eac4020, 0x000002012e92c800, 0x000002012e92f6d0, 0x000002012e932450,
0x000002012e933120, 0x000002012e933d20, 0x000002012e934ad0, 0x000002012e940bc0,
0x000002012e941260, 0x000002012eb54950, 0x000002012eb542c0, 0x000002012eb52880,
0x000002012edffac0, 0x000002012eb52f10, 0x00000201747f1590, 0x000002012eb53c30,
0x000002012eb521f0, 0x000002012eb54fe0, 0x0000020176b3a480, 0x0000020176b3d270,
0x0000020176b36970
}

Java Threads: ( => current thread )
  0x000002010eac4020 JavaThread "main"                              [_thread_in_native, id=21128, stack(0x000000f9d0e00000,0x000000f9d0f00000) (1024K)]
  0x000002012e92c800 JavaThread "Reference Handler"          daemon [_thread_blocked, id=20820, stack(0x000000f9d1600000,0x000000f9d1700000) (1024K)]
  0x000002012e92f6d0 JavaThread "Finalizer"                  daemon [_thread_blocked, id=26120, stack(0x000000f9d1700000,0x000000f9d1800000) (1024K)]
  0x000002012e932450 JavaThread "Signal Dispatcher"          daemon [_thread_blocked, id=17092, stack(0x000000f9d1800000,0x000000f9d1900000) (1024K)]
  0x000002012e933120 JavaThread "Attach Listener"            daemon [_thread_blocked, id=8896, stack(0x000000f9d1900000,0x000000f9d1a00000) (1024K)]
  0x000002012e933d20 JavaThread "Service Thread"             daemon [_thread_blocked, id=2708, stack(0x000000f9d1a00000,0x000000f9d1b00000) (1024K)]
  0x000002012e934ad0 JavaThread "Monitor Deflation Thread"   daemon [_thread_blocked, id=11388, stack(0x000000f9d1b00000,0x000000f9d1c00000) (1024K)]
=>0x000002012e940bc0 JavaThread "C2 CompilerThread0"         daemon [_thread_in_native, id=23788, stack(0x000000f9d1c00000,0x000000f9d1d00000) (1024K)]
  0x000002012e941260 JavaThread "C1 CompilerThread0"         daemon [_thread_blocked, id=22312, stack(0x000000f9d1d00000,0x000000f9d1e00000) (1024K)]
  0x000002012eb54950 JavaThread "Common-Cleaner"             daemon [_thread_blocked, id=20216, stack(0x000000f9d1e00000,0x000000f9d1f00000) (1024K)]
  0x000002012eb542c0 JavaThread "Monitor Ctrl-Break"         daemon [_thread_in_native, id=9048, stack(0x000000f9d1f00000,0x000000f9d2000000) (1024K)]
  0x000002012eb52880 JavaThread "Notification Thread"        daemon [_thread_blocked, id=25472, stack(0x000000f9d2000000,0x000000f9d2100000) (1024K)]
  0x000002012edffac0 JavaThread "C2 CompilerThread1"         daemon [_thread_in_native, id=18444, stack(0x000000f9d2100000,0x000000f9d2200000) (1024K)]
  0x000002012eb52f10 JavaThread "Thread-1"                   daemon [_thread_blocked, id=25532, stack(0x000000f9d2a00000,0x000000f9d2b00000) (1024K)]
  0x00000201747f1590 JavaThread "C2 CompilerThread2"         daemon [_thread_in_native, id=4056, stack(0x000000f9d2200000,0x000000f9d2300000) (1024K)]
  0x000002012eb53c30 JavaThread "timeout-check-timer"        daemon [_thread_blocked, id=17968, stack(0x000000f9d2c00000,0x000000f9d2d00000) (1024K)]
  0x000002012eb521f0 JavaThread "ping-timer-10s"             daemon [_thread_blocked, id=23648, stack(0x000000f9d2d00000,0x000000f9d2e00000) (1024K)]
  0x000002012eb54fe0 JavaThread "ThreadedStreamConsumer"     daemon [_thread_blocked, id=10140, stack(0x000000f9d2e00000,0x000000f9d2f00000) (1024K)]
  0x0000020176b3a480 JavaThread "fork-1-err-thread"          daemon [_thread_in_native, id=23944, stack(0x000000f9d2f00000,0x000000f9d3000000) (1024K)]
  0x0000020176b3d270 JavaThread "commands-fork-1"            daemon [_thread_blocked, id=20016, stack(0x000000f9d3000000,0x000000f9d3100000) (1024K)]
  0x0000020176b36970 JavaThread "fork-1-event-thread"        daemon [_thread_in_native, id=24876, stack(0x000000f9d3100000,0x000000f9d3200000) (1024K)]
Total: 21

Other Threads:
  0x000002012e918250 VMThread "VM Thread"                           [id=16488, stack(0x000000f9d1500000,0x000000f9d1600000) (1024K)]
  0x000002012e904220 WatcherThread "VM Periodic Task Thread"        [id=17768, stack(0x000000f9d1400000,0x000000f9d1500000) (1024K)]
  0x0000020110c41a90 WorkerThread "GC Thread#0"                     [id=7768, stack(0x000000f9d0f00000,0x000000f9d1000000) (1024K)]
  0x0000020174dd8480 WorkerThread "GC Thread#1"                     [id=10264, stack(0x000000f9d2300000,0x000000f9d2400000) (1024K)]
  0x0000020174dd8820 WorkerThread "GC Thread#2"                     [id=3620, stack(0x000000f9d2400000,0x000000f9d2500000) (1024K)]
  0x0000020174dd8bc0 WorkerThread "GC Thread#3"                     [id=14008, stack(0x000000f9d2500000,0x000000f9d2600000) (1024K)]
  0x0000020174d25370 WorkerThread "GC Thread#4"                     [id=12768, stack(0x000000f9d2600000,0x000000f9d2700000) (1024K)]
  0x0000020174c72860 WorkerThread "GC Thread#5"                     [id=17704, stack(0x000000f9d2700000,0x000000f9d2800000) (1024K)]
  0x00000201748e0640 WorkerThread "GC Thread#6"                     [id=17340, stack(0x000000f9d2800000,0x000000f9d2900000) (1024K)]
  0x0000020174a5c5e0 WorkerThread "GC Thread#7"                     [id=10856, stack(0x000000f9d2900000,0x000000f9d2a00000) (1024K)]
  0x0000020110c4e870 ConcurrentGCThread "G1 Main Marker"            [id=20544, stack(0x000000f9d1000000,0x000000f9d1100000) (1024K)]
  0x0000020110c4f920 WorkerThread "G1 Conc#0"                       [id=25684, stack(0x000000f9d1100000,0x000000f9d1200000) (1024K)]
  0x000002017417fc80 WorkerThread "G1 Conc#1"                       [id=20112, stack(0x000000f9d2b00000,0x000000f9d2c00000) (1024K)]
  0x000002012e7d40b0 ConcurrentGCThread "G1 Refine#0"               [id=11272, stack(0x000000f9d1200000,0x000000f9d1300000) (1024K)]
  0x000002012e7d4a30 ConcurrentGCThread "G1 Service"                [id=16220, stack(0x000000f9d1300000,0x000000f9d1400000) (1024K)]
Total: 15

Threads with active compile tasks:
C2 CompilerThread0     8462 8379       4       org.codehaus.plexus.classworlds.realm.ClassRealm::loadClass (7 bytes)
C2 CompilerThread1     8462 8378   !   4       java.lang.ClassLoader::loadClass (121 bytes)
C2 CompilerThread2     8462 8254       4       org.apache.maven.model.inheritance.DefaultInheritanceAssembler$InheritanceModelMerger::mergePluginContainer_Plugins (433 bytes)
Total: 3

VM state: not at safepoint (normal execution)

VM Mutex/Monitor currently owned by a thread: None

Heap address: 0x0000000741c00000, size: 3044 MB, Compressed Oops mode: Zero based, Oop shift amount: 3

CDS archive(s) mapped at: [0x000002012f000000-0x000002012fc90000-0x000002012fc90000), size 13172736, SharedBaseAddress: 0x000002012f000000, ArchiveRelocationMode: 1.
Compressed class space mapped at: 0x0000020130000000-0x0000020170000000, reserved size: 1073741824
Narrow klass base: 0x000002012f000000, Narrow klass shift: 0, Narrow klass range: 0x100000000

GC Precious Log:
 CardTable entry size: 512
 Card Set container configuration: InlinePtr #cards 4 size 8 Array Of Cards #cards 16 size 48 Howl #buckets 8 coarsen threshold 3686 Howl Bitmap #cards 512 size 80 coarsen threshold 460 Card regions per heap region 1 cards per card region 4096
 CPUs: 8 total, 8 available
 Memory: 12172M
 Large Page Support: Disabled
 NUMA Support: Disabled
 Compressed Oops: Enabled (Zero based)
 Heap Region Size: 2M
 Heap Min Capacity: 8M
 Heap Initial Capacity: 192M
 Heap Max Capacity: 3044M
 Pre-touch: Disabled
 Parallel Workers: 8
 Concurrent Workers: 2
 Concurrent Refinement Workers: 8
 Periodic GC: Disabled

Heap:
 garbage-first heap   total 178176K, used 80264K [0x0000000741c00000, 0x0000000800000000)
  region size 2048K, 6 young (12288K), 2 survivors (4096K)
 Metaspace       used 35030K, committed 35712K, reserved 1114112K
  class space    used 3891K, committed 4160K, reserved 1048576K

Heap Regions: E=young(eden), S=young(survivor), O=old, HS=humongous(starts), HC=humongous(continues), CS=collection set, F=free, TAMS=top-at-mark-start, PB=parsable bottom
|   0|0x0000000741c00000, 0x0000000741e00000, 0x0000000741e00000|100%| O|  |TAMS 0x0000000741c00000| PB 0x0000000741c00000| Untracked 
|   1|0x0000000741e00000, 0x0000000742000000, 0x0000000742000000|100%| O|  |TAMS 0x0000000741e00000| PB 0x0000000741e00000| Untracked 
|   2|0x0000000742000000, 0x0000000742200000, 0x0000000742200000|100%| O|  |TAMS 0x0000000742000000| PB 0x0000000742000000| Untracked 
|   3|0x0000000742200000, 0x0000000742400000, 0x0000000742400000|100%| O|Cm|TAMS 0x0000000742200000| PB 0x0000000742200000| Complete 
|   4|0x0000000742400000, 0x0000000742600000, 0x0000000742600000|100%|HS|  |TAMS 0x0000000742400000| PB 0x0000000742400000| Complete 
|   5|0x0000000742600000, 0x0000000742800000, 0x0000000742800000|100%|HC|  |TAMS 0x0000000742600000| PB 0x0000000742600000| Complete 
|   6|0x0000000742800000, 0x0000000742a00000, 0x0000000742a00000|100%| O|  |TAMS 0x0000000742800000| PB 0x0000000742800000| Untracked 
|   7|0x0000000742a00000, 0x0000000742c00000, 0x0000000742c00000|100%| O|  |TAMS 0x0000000742a00000| PB 0x0000000742a00000| Untracked 
|   8|0x0000000742c00000, 0x0000000742e00000, 0x0000000742e00000|100%| O|  |TAMS 0x0000000742c00000| PB 0x0000000742c00000| Untracked 
|   9|0x0000000742e00000, 0x0000000743000000, 0x0000000743000000|100%| O|  |TAMS 0x0000000742e00000| PB 0x0000000742e00000| Untracked 
|  10|0x0000000743000000, 0x0000000743200000, 0x0000000743200000|100%| O|  |TAMS 0x0000000743000000| PB 0x0000000743000000| Untracked 
|  11|0x0000000743200000, 0x0000000743400000, 0x0000000743400000|100%| O|Cm|TAMS 0x0000000743200000| PB 0x0000000743200000| Complete 
|  12|0x0000000743400000, 0x0000000743600000, 0x0000000743600000|100%| O|  |TAMS 0x0000000743400000| PB 0x0000000743400000| Untracked 
|  13|0x0000000743600000, 0x0000000743800000, 0x0000000743800000|100%| O|Cm|TAMS 0x0000000743600000| PB 0x0000000743600000| Complete 
|  14|0x0000000743800000, 0x0000000743a00000, 0x0000000743a00000|100%| O|  |TAMS 0x0000000743800000| PB 0x0000000743800000| Untracked 
|  15|0x0000000743a00000, 0x0000000743c00000, 0x0000000743c00000|100%| O|Cm|TAMS 0x0000000743a00000| PB 0x0000000743a00000| Complete 
|  16|0x0000000743c00000, 0x0000000743e00000, 0x0000000743e00000|100%| O|  |TAMS 0x0000000743c00000| PB 0x0000000743c00000| Untracked 
|  17|0x0000000743e00000, 0x0000000744000000, 0x0000000744000000|100%| O|Cm|TAMS 0x0000000743e00000| PB 0x0000000743e00000| Complete 
|  18|0x0000000744000000, 0x0000000744200000, 0x0000000744200000|100%|HS|  |TAMS 0x0000000744000000| PB 0x0000000744000000| Complete 
|  19|0x0000000744200000, 0x0000000744400000, 0x0000000744400000|100%|HC|  |TAMS 0x0000000744200000| PB 0x0000000744200000| Complete 
|  20|0x0000000744400000, 0x0000000744600000, 0x0000000744600000|100%| O|  |TAMS 0x0000000744400000| PB 0x0000000744400000| Untracked 
|  21|0x0000000744600000, 0x0000000744800000, 0x0000000744800000|100%| O|  |TAMS 0x0000000744600000| PB 0x0000000744600000| Untracked 
|  22|0x0000000744800000, 0x0000000744a00000, 0x0000000744a00000|100%| O|  |TAMS 0x0000000744800000| PB 0x0000000744800000| Untracked 
|  23|0x0000000744a00000, 0x0000000744c00000, 0x0000000744c00000|100%| O|  |TAMS 0x0000000744a00000| PB 0x0000000744a00000| Untracked 
|  24|0x0000000744c00000, 0x0000000744e00000, 0x0000000744e00000|100%| O|Cm|TAMS 0x0000000744c00000| PB 0x0000000744c00000| Complete 
|  25|0x0000000744e00000, 0x0000000745000000, 0x0000000745000000|100%| O|Cm|TAMS 0x0000000744e00000| PB 0x0000000744e00000| Complete 
|  26|0x0000000745000000, 0x0000000745200000, 0x0000000745200000|100%| O|Cm|TAMS 0x0000000745000000| PB 0x0000000745000000| Complete 
|  27|0x0000000745200000, 0x0000000745200000, 0x0000000745400000|  0%| F|  |TAMS 0x0000000745200000| PB 0x0000000745200000| Untracked 
|  28|0x0000000745400000, 0x0000000745400000, 0x0000000745600000|  0%| F|  |TAMS 0x0000000745400000| PB 0x0000000745400000| Untracked 
|  29|0x0000000745600000, 0x0000000745600000, 0x0000000745800000|  0%| F|  |TAMS 0x0000000745600000| PB 0x0000000745600000| Untracked 
|  30|0x0000000745800000, 0x0000000745800000, 0x0000000745a00000|  0%| F|  |TAMS 0x0000000745800000| PB 0x0000000745800000| Untracked 
|  31|0x0000000745a00000, 0x0000000745a00000, 0x0000000745c00000|  0%| F|  |TAMS 0x0000000745a00000| PB 0x0000000745a00000| Untracked 
|  32|0x0000000745c00000, 0x0000000745d99ae0, 0x0000000745e00000| 80%| O|  |TAMS 0x0000000745c00000| PB 0x0000000745c00000| Untracked 
|  33|0x0000000745e00000, 0x0000000745e00000, 0x0000000746000000|  0%| F|  |TAMS 0x0000000745e00000| PB 0x0000000745e00000| Untracked 
|  34|0x0000000746000000, 0x0000000746000000, 0x0000000746200000|  0%| F|  |TAMS 0x0000000746000000| PB 0x0000000746000000| Untracked 
|  35|0x0000000746200000, 0x0000000746200000, 0x0000000746400000|  0%| F|  |TAMS 0x0000000746200000| PB 0x0000000746200000| Untracked 
|  36|0x0000000746400000, 0x0000000746400000, 0x0000000746600000|  0%| F|  |TAMS 0x0000000746400000| PB 0x0000000746400000| Untracked 
|  37|0x0000000746600000, 0x0000000746600000, 0x0000000746800000|  0%| F|  |TAMS 0x0000000746600000| PB 0x0000000746600000| Untracked 
|  38|0x0000000746800000, 0x0000000746800000, 0x0000000746a00000|  0%| F|  |TAMS 0x0000000746800000| PB 0x0000000746800000| Untracked 
|  39|0x0000000746a00000, 0x0000000746a00000, 0x0000000746c00000|  0%| F|  |TAMS 0x0000000746a00000| PB 0x0000000746a00000| Untracked 
|  40|0x0000000746c00000, 0x0000000746c00000, 0x0000000746e00000|  0%| F|  |TAMS 0x0000000746c00000| PB 0x0000000746c00000| Untracked 
|  41|0x0000000746e00000, 0x0000000746e00000, 0x0000000747000000|  0%| F|  |TAMS 0x0000000746e00000| PB 0x0000000746e00000| Untracked 
|  42|0x0000000747000000, 0x0000000747000000, 0x0000000747200000|  0%| F|  |TAMS 0x0000000747000000| PB 0x0000000747000000| Untracked 
|  43|0x0000000747200000, 0x0000000747200000, 0x0000000747400000|  0%| F|  |TAMS 0x0000000747200000| PB 0x0000000747200000| Untracked 
|  44|0x0000000747400000, 0x0000000747400000, 0x0000000747600000|  0%| F|  |TAMS 0x0000000747400000| PB 0x0000000747400000| Untracked 
|  45|0x0000000747600000, 0x0000000747600000, 0x0000000747800000|  0%| F|  |TAMS 0x0000000747600000| PB 0x0000000747600000| Untracked 
|  46|0x0000000747800000, 0x0000000747800000, 0x0000000747a00000|  0%| F|  |TAMS 0x0000000747800000| PB 0x0000000747800000| Untracked 
|  47|0x0000000747a00000, 0x0000000747a00000, 0x0000000747c00000|  0%| F|  |TAMS 0x0000000747a00000| PB 0x0000000747a00000| Untracked 
|  48|0x0000000747c00000, 0x0000000747c00000, 0x0000000747e00000|  0%| F|  |TAMS 0x0000000747c00000| PB 0x0000000747c00000| Untracked 
|  49|0x0000000747e00000, 0x0000000747e00000, 0x0000000748000000|  0%| F|  |TAMS 0x0000000747e00000| PB 0x0000000747e00000| Untracked 
|  50|0x0000000748000000, 0x0000000748000000, 0x0000000748200000|  0%| F|  |TAMS 0x0000000748000000| PB 0x0000000748000000| Untracked 
|  51|0x0000000748200000, 0x0000000748200000, 0x0000000748400000|  0%| F|  |TAMS 0x0000000748200000| PB 0x0000000748200000| Untracked 
|  52|0x0000000748400000, 0x0000000748400000, 0x0000000748600000|  0%| F|  |TAMS 0x0000000748400000| PB 0x0000000748400000| Untracked 
|  53|0x0000000748600000, 0x0000000748600000, 0x0000000748800000|  0%| F|  |TAMS 0x0000000748600000| PB 0x0000000748600000| Untracked 
|  54|0x0000000748800000, 0x0000000748800000, 0x0000000748a00000|  0%| F|  |TAMS 0x0000000748800000| PB 0x0000000748800000| Untracked 
|  55|0x0000000748a00000, 0x0000000748a00000, 0x0000000748c00000|  0%| F|  |TAMS 0x0000000748a00000| PB 0x0000000748a00000| Untracked 
|  56|0x0000000748c00000, 0x0000000748c00000, 0x0000000748e00000|  0%| F|  |TAMS 0x0000000748c00000| PB 0x0000000748c00000| Untracked 
|  57|0x0000000748e00000, 0x0000000748e00000, 0x0000000749000000|  0%| F|  |TAMS 0x0000000748e00000| PB 0x0000000748e00000| Untracked 
|  58|0x0000000749000000, 0x0000000749000000, 0x0000000749200000|  0%| F|  |TAMS 0x0000000749000000| PB 0x0000000749000000| Untracked 
|  59|0x0000000749200000, 0x0000000749200000, 0x0000000749400000|  0%| F|  |TAMS 0x0000000749200000| PB 0x0000000749200000| Untracked 
|  60|0x0000000749400000, 0x0000000749400000, 0x0000000749600000|  0%| F|  |TAMS 0x0000000749400000| PB 0x0000000749400000| Untracked 
|  61|0x0000000749600000, 0x0000000749600000, 0x0000000749800000|  0%| F|  |TAMS 0x0000000749600000| PB 0x0000000749600000| Untracked 
|  62|0x0000000749800000, 0x0000000749800000, 0x0000000749a00000|  0%| F|  |TAMS 0x0000000749800000| PB 0x0000000749800000| Untracked 
|  63|0x0000000749a00000, 0x0000000749a00000, 0x0000000749c00000|  0%| F|  |TAMS 0x0000000749a00000| PB 0x0000000749a00000| Untracked 
|  64|0x0000000749c00000, 0x0000000749c00000, 0x0000000749e00000|  0%| F|  |TAMS 0x0000000749c00000| PB 0x0000000749c00000| Untracked 
|  65|0x0000000749e00000, 0x0000000749e00000, 0x000000074a000000|  0%| F|  |TAMS 0x0000000749e00000| PB 0x0000000749e00000| Untracked 
|  66|0x000000074a000000, 0x000000074a000000, 0x000000074a200000|  0%| F|  |TAMS 0x000000074a000000| PB 0x000000074a000000| Untracked 
|  67|0x000000074a200000, 0x000000074a2c8870, 0x000000074a400000| 39%| S|CS|TAMS 0x000000074a200000| PB 0x000000074a200000| Complete 
|  68|0x000000074a400000, 0x000000074a600000, 0x000000074a600000|100%| S|CS|TAMS 0x000000074a400000| PB 0x000000074a400000| Complete 
|  69|0x000000074a600000, 0x000000074a600000, 0x000000074a800000|  0%| F|  |TAMS 0x000000074a600000| PB 0x000000074a600000| Untracked 
|  70|0x000000074a800000, 0x000000074a800000, 0x000000074aa00000|  0%| F|  |TAMS 0x000000074a800000| PB 0x000000074a800000| Untracked 
|  71|0x000000074aa00000, 0x000000074aa00000, 0x000000074ac00000|  0%| F|  |TAMS 0x000000074aa00000| PB 0x000000074aa00000| Untracked 
|  72|0x000000074ac00000, 0x000000074ac00000, 0x000000074ae00000|  0%| F|  |TAMS 0x000000074ac00000| PB 0x000000074ac00000| Untracked 
|  73|0x000000074ae00000, 0x000000074ae00000, 0x000000074b000000|  0%| F|  |TAMS 0x000000074ae00000| PB 0x000000074ae00000| Untracked 
|  74|0x000000074b000000, 0x000000074b000000, 0x000000074b200000|  0%| F|  |TAMS 0x000000074b000000| PB 0x000000074b000000| Untracked 
|  75|0x000000074b200000, 0x000000074b200000, 0x000000074b400000|  0%| F|  |TAMS 0x000000074b200000| PB 0x000000074b200000| Untracked 
|  76|0x000000074b400000, 0x000000074b600000, 0x000000074b600000|100%| E|  |TAMS 0x000000074b400000| PB 0x000000074b400000| Complete 
|  77|0x000000074b600000, 0x000000074b800000, 0x000000074b800000|100%| E|CS|TAMS 0x000000074b600000| PB 0x000000074b600000| Complete 
|  78|0x000000074b800000, 0x000000074ba00000, 0x000000074ba00000|100%| E|CS|TAMS 0x000000074b800000| PB 0x000000074b800000| Complete 
|  95|0x000000074da00000, 0x000000074dc00000, 0x000000074dc00000|100%| E|CS|TAMS 0x000000074da00000| PB 0x000000074da00000| Complete 
|1515|0x00000007ff200000, 0x00000007ff400000, 0x00000007ff400000|100%| O|Cm|TAMS 0x00000007ff200000| PB 0x00000007ff200000| Complete 
|1516|0x00000007ff400000, 0x00000007ff600000, 0x00000007ff600000|100%| O|  |TAMS 0x00000007ff400000| PB 0x00000007ff400000| Untracked 
|1517|0x00000007ff600000, 0x00000007ff800000, 0x00000007ff800000|100%| O|Cm|TAMS 0x00000007ff600000| PB 0x00000007ff600000| Complete 
|1518|0x00000007ff800000, 0x00000007ffa00000, 0x00000007ffa00000|100%| O|Cm|TAMS 0x00000007ff800000| PB 0x00000007ff800000| Complete 
|1519|0x00000007ffa00000, 0x00000007ffc00000, 0x00000007ffc00000|100%| O|Cm|TAMS 0x00000007ffa00000| PB 0x00000007ffa00000| Complete 
|1520|0x00000007ffc00000, 0x00000007ffe00000, 0x00000007ffe00000|100%| O|Cm|TAMS 0x00000007ffc00000| PB 0x00000007ffc00000| Complete 
|1521|0x00000007ffe00000, 0x0000000800000000, 0x0000000800000000|100%| O|  |TAMS 0x00000007ffe00000| PB 0x00000007ffe00000| Untracked 

Card table byte_map: [0x00000201289b0000,0x0000020128fb0000] _byte_map_base: 0x0000020124fa2000

Marking Bits: (CMBitMap*) 0x0000020110c41fa0
 Bits: [0x0000020128fb0000, 0x000002012bf40000)

Polling page: 0x00000201103c0000

Metaspace:

Usage:
  Non-class:     30.41 MB used.
      Class:      3.80 MB used.
       Both:     34.21 MB used.

Virtual space:
  Non-class space:       64.00 MB reserved,      30.81 MB ( 48%) committed,  1 nodes.
      Class space:        1.00 GB reserved,       4.06 MB ( <1%) committed,  1 nodes.
             Both:        1.06 GB reserved,      34.88 MB (  3%) committed. 

Chunk freelists:
   Non-Class:  1.31 MB
       Class:  11.81 MB
        Both:  13.11 MB

MaxMetaspaceSize: unlimited
CompressedClassSpaceSize: 1.00 GB
Initial GC threshold: 21.00 MB
Current GC threshold: 57.75 MB
CDS: on
 - commit_granule_bytes: 65536.
 - commit_granule_words: 8192.
 - virtual_space_node_default_size: 8388608.
 - enlarge_chunks_in_place: 1.
 - use_allocation_guard: 0.


Internal statistics:

num_allocs_failed_limit: 9.
num_arena_births: 550.
num_arena_deaths: 4.
num_vsnodes_births: 2.
num_vsnodes_deaths: 0.
num_space_committed: 575.
num_space_uncommitted: 8.
num_chunks_returned_to_freelist: 106.
num_chunks_taken_from_freelist: 1900.
num_chunk_merges: 23.
num_chunk_splits: 1326.
num_chunks_enlarged: 1020.
num_inconsistent_stats: 0.

CodeHeap 'non-profiled nmethods': size=120000Kb used=4284Kb max_used=5221Kb free=115715Kb
 bounds [0x0000020120b50000, 0x0000020121070000, 0x0000020128080000]
CodeHeap 'profiled nmethods': size=120000Kb used=15426Kb max_used=18035Kb free=104573Kb
 bounds [0x0000020119080000, 0x000002011a220000, 0x00000201205b0000]
CodeHeap 'non-nmethods': size=5760Kb used=1520Kb max_used=1559Kb free=4239Kb
 bounds [0x00000201205b0000, 0x0000020120820000, 0x0000020120b50000]
 total_blobs=7987 nmethods=7397 adapters=494
 compilation: enabled
              stopped_count=0, restarted_count=0
 full_count=0

Compilation events (20 events):
Event: 7.348 Thread 0x000002012e941260 8371       3       java.util.Arrays::binarySearch (9 bytes)
Event: 7.348 Thread 0x000002012e941260 nmethod 8371 0x000002011909c390 code [0x000002011909c540, 0x000002011909c668]
Event: 7.355 Thread 0x000002012edffac0 nmethod 8339 0x0000020120bf9310 code [0x0000020120bf9540, 0x0000020120bfa260]
Event: 7.355 Thread 0x000002012edffac0 8338       4       java.util.regex.Matcher::checkMatch (19 bytes)
Event: 7.355 Thread 0x000002012edffac0 nmethod 8338 0x0000020120f16090 code [0x0000020120f16200, 0x0000020120f162a8]
Event: 7.356 Thread 0x000002012edffac0 8327       4       java.util.BitSet::checkInvariants (111 bytes)
Event: 7.356 Thread 0x000002012edffac0 nmethod 8327 0x0000020120f1f790 code [0x0000020120f1f900, 0x0000020120f1f988]
Event: 7.356 Thread 0x000002012e941260 8376       1       java.util.concurrent.CopyOnWriteArrayList::getArray (5 bytes)
Event: 7.356 Thread 0x000002012e941260 nmethod 8376 0x0000020120f1fd90 code [0x0000020120f1ff20, 0x0000020120f1fff0]
Event: 7.357 Thread 0x000002012e940bc0 nmethod 8325% 0x0000020120d18510 code [0x0000020120d187a0, 0x0000020120d1a360]
Event: 7.364 Thread 0x000002012e940bc0 8377       4       java.lang.Throwable::<init> (39 bytes)
Event: 7.367 Thread 0x000002012edffac0 8378   !   4       java.lang.ClassLoader::loadClass (121 bytes)
Event: 7.370 Thread 0x000002012e940bc0 nmethod 8377 0x0000020120d0e710 code [0x0000020120d0e8e0, 0x0000020120d0f1a0]
Event: 7.372 Thread 0x000002012e940bc0 8379       4       org.codehaus.plexus.classworlds.realm.ClassRealm::loadClass (7 bytes)
Event: 7.380 Thread 0x000002012e941260 8381       3       java.lang.AbstractStringBuilder::append (45 bytes)
Event: 7.381 Thread 0x000002012e941260 nmethod 8381 0x00000201191ba110 code [0x00000201191ba320, 0x00000201191ba860]
Event: 7.382 Thread 0x000002012e941260 8382       3       java.lang.String::getBytes (44 bytes)
Event: 7.382 Thread 0x000002012e941260 nmethod 8382 0x0000020119834d10 code [0x0000020119834ee0, 0x00000201198351f0]
Event: 7.573 Thread 0x000002012e941260 8383       1       java.util.concurrent.atomic.AtomicInteger::get (5 bytes)
Event: 7.573 Thread 0x000002012e941260 nmethod 8383 0x0000020120f27090 code [0x0000020120f27220, 0x0000020120f272e8]

GC Heap History (18 events):
Event: 0.613 GC heap before
{Heap before GC invocations=0 (full 0):
 garbage-first heap   total 196608K, used 22528K [0x0000000741c00000, 0x0000000800000000)
  region size 2048K, 11 young (22528K), 0 survivors (0K)
 Metaspace       used 5997K, committed 6144K, reserved 1114112K
  class space    used 682K, committed 768K, reserved 1048576K
}
Event: 0.618 GC heap after
{Heap after GC invocations=1 (full 0):
 garbage-first heap   total 196608K, used 3983K [0x0000000741c00000, 0x0000000800000000)
  region size 2048K, 2 young (4096K), 2 survivors (4096K)
 Metaspace       used 5997K, committed 6144K, reserved 1114112K
  class space    used 682K, committed 768K, reserved 1048576K
}
Event: 1.123 GC heap before
{Heap before GC invocations=1 (full 0):
 garbage-first heap   total 196608K, used 36751K [0x0000000741c00000, 0x0000000800000000)
  region size 2048K, 18 young (36864K), 2 survivors (4096K)
 Metaspace       used 9933K, committed 10112K, reserved 1114112K
  class space    used 1154K, committed 1216K, reserved 1048576K
}
Event: 1.129 GC heap after
{Heap after GC invocations=2 (full 0):
 garbage-first heap   total 196608K, used 5500K [0x0000000741c00000, 0x0000000800000000)
  region size 2048K, 1 young (2048K), 1 survivors (2048K)
 Metaspace       used 9933K, committed 10112K, reserved 1114112K
  class space    used 1154K, committed 1216K, reserved 1048576K
}
Event: 2.884 GC heap before
{Heap before GC invocations=2 (full 0):
 garbage-first heap   total 196608K, used 120188K [0x0000000741c00000, 0x0000000800000000)
  region size 2048K, 57 young (116736K), 1 survivors (2048K)
 Metaspace       used 17053K, committed 17344K, reserved 1114112K
  class space    used 1908K, committed 2048K, reserved 1048576K
}
Event: 2.896 GC heap after
{Heap after GC invocations=3 (full 0):
 garbage-first heap   total 196608K, used 15462K [0x0000000741c00000, 0x0000000800000000)
  region size 2048K, 6 young (12288K), 6 survivors (12288K)
 Metaspace       used 17053K, committed 17344K, reserved 1114112K
  class space    used 1908K, committed 2048K, reserved 1048576K
}
Event: 3.644 GC heap before
{Heap before GC invocations=3 (full 0):
 garbage-first heap   total 196608K, used 70758K [0x0000000741c00000, 0x0000000800000000)
  region size 2048K, 31 young (63488K), 6 survivors (12288K)
 Metaspace       used 21245K, committed 21504K, reserved 1114112K
  class space    used 2369K, committed 2496K, reserved 1048576K
}
Event: 3.656 GC heap after
{Heap after GC invocations=4 (full 0):
 garbage-first heap   total 196608K, used 30644K [0x0000000741c00000, 0x0000000800000000)
  region size 2048K, 4 young (8192K), 4 survivors (8192K)
 Metaspace       used 21245K, committed 21504K, reserved 1114112K
  class space    used 2369K, committed 2496K, reserved 1048576K
}
Event: 4.679 GC heap before
{Heap before GC invocations=5 (full 0):
 garbage-first heap   total 116736K, used 114612K [0x0000000741c00000, 0x0000000800000000)
  region size 2048K, 45 young (92160K), 4 survivors (8192K)
 Metaspace       used 28251K, committed 28672K, reserved 1114112K
  class space    used 3151K, committed 3328K, reserved 1048576K
}
Event: 4.701 GC heap after
{Heap after GC invocations=6 (full 0):
 garbage-first heap   total 145408K, used 46244K [0x0000000741c00000, 0x0000000800000000)
  region size 2048K, 8 young (16384K), 8 survivors (16384K)
 Metaspace       used 28251K, committed 28672K, reserved 1114112K
  class space    used 3151K, committed 3328K, reserved 1048576K
}
Event: 5.613 GC heap before
{Heap before GC invocations=6 (full 0):
 garbage-first heap   total 145408K, used 111780K [0x0000000741c00000, 0x0000000800000000)
  region size 2048K, 40 young (81920K), 8 survivors (16384K)
 Metaspace       used 31806K, committed 32320K, reserved 1114112K
  class space    used 3583K, committed 3840K, reserved 1048576K
}
Event: 5.631 GC heap after
{Heap after GC invocations=7 (full 0):
 garbage-first heap   total 145408K, used 49573K [0x0000000741c00000, 0x0000000800000000)
  region size 2048K, 2 young (4096K), 2 survivors (4096K)
 Metaspace       used 31806K, committed 32320K, reserved 1114112K
  class space    used 3583K, committed 3840K, reserved 1048576K
}
Event: 6.296 GC heap before
{Heap before GC invocations=7 (full 0):
 garbage-first heap   total 145408K, used 121253K [0x0000000741c00000, 0x0000000800000000)
  region size 2048K, 35 young (71680K), 2 survivors (4096K)
 Metaspace       used 32119K, committed 32640K, reserved 1114112K
  class space    used 3605K, committed 3840K, reserved 1048576K
}
Event: 6.312 GC heap after
{Heap after GC invocations=8 (full 0):
 garbage-first heap   total 147456K, used 74576K [0x0000000741c00000, 0x0000000800000000)
  region size 2048K, 5 young (10240K), 5 survivors (10240K)
 Metaspace       used 32119K, committed 32640K, reserved 1114112K
  class space    used 3605K, committed 3840K, reserved 1048576K
}
Event: 6.960 GC heap before
{Heap before GC invocations=8 (full 0):
 garbage-first heap   total 147456K, used 117584K [0x0000000741c00000, 0x0000000800000000)
  region size 2048K, 26 young (53248K), 5 survivors (10240K)
 Metaspace       used 33587K, committed 34176K, reserved 1114112K
  class space    used 3770K, committed 4032K, reserved 1048576K
}
Event: 6.967 GC heap after
{Heap after GC invocations=9 (full 0):
 garbage-first heap   total 178176K, used 73826K [0x0000000741c00000, 0x0000000800000000)
  region size 2048K, 2 young (4096K), 2 survivors (4096K)
 Metaspace       used 33587K, committed 34176K, reserved 1114112K
  class space    used 3770K, committed 4032K, reserved 1048576K
}
Event: 7.266 GC heap before
{Heap before GC invocations=9 (full 0):
 garbage-first heap   total 178176K, used 94306K [0x0000000741c00000, 0x0000000800000000)
  region size 2048K, 13 young (26624K), 2 survivors (4096K)
 Metaspace       used 35574K, committed 36096K, reserved 1114112K
  class space    used 3959K, committed 4224K, reserved 1048576K
}
Event: 7.268 GC heap after
{Heap after GC invocations=10 (full 0):
 garbage-first heap   total 178176K, used 74120K [0x0000000741c00000, 0x0000000800000000)
  region size 2048K, 2 young (4096K), 2 survivors (4096K)
 Metaspace       used 35574K, committed 36096K, reserved 1114112K
  class space    used 3959K, committed 4224K, reserved 1048576K
}

Dll operation events (12 events):
Event: 0.009 Loaded shared library C:\Program Files\Java\jdk-21\bin\java.dll
Event: 0.043 Loaded shared library C:\Program Files\Java\jdk-21\bin\jsvml.dll
Event: 0.085 Loaded shared library C:\Program Files\Java\jdk-21\bin\zip.dll
Event: 0.089 Loaded shared library C:\Program Files\Java\jdk-21\bin\instrument.dll
Event: 0.094 Loaded shared library C:\Program Files\Java\jdk-21\bin\net.dll
Event: 0.096 Loaded shared library C:\Program Files\Java\jdk-21\bin\nio.dll
Event: 0.098 Loaded shared library C:\Program Files\Java\jdk-21\bin\zip.dll
Event: 0.109 Loaded shared library C:\Program Files\JetBrains\IntelliJ IDEA 2024.3.2.1\bin\breakgen64.dll
Event: 0.117 Loaded shared library C:\Program Files\Java\jdk-21\bin\extnet.dll
Event: 0.198 Loaded shared library C:\Program Files\Java\jdk-21\bin\jimage.dll
Event: 0.212 Loaded shared library C:\Users\pc\AppData\Local\Temp\jansi-2.4.1-ac61044d127ab591-jansi.dll
Event: 0.222 Loaded shared library C:\Program Files\Java\jdk-21\bin\verify.dll

Deoptimization events (20 events):
Event: 7.380 Thread 0x0000020176b3a480 Uncommon trap: trap_request=0xffffff45 fr.pc=0x0000020120b84f18 relative=0x00000000000000f8
Event: 7.380 Thread 0x0000020176b3a480 Uncommon trap: reason=unstable_if action=reinterpret pc=0x0000020120b84f18 method=java.lang.String.getBytes([BIB)V @ 5 c2
Event: 7.380 Thread 0x0000020176b3a480 DEOPT PACKING pc=0x0000020120b84f18 sp=0x000000f9d2fff210
Event: 7.380 Thread 0x0000020176b3a480 DEOPT UNPACKING pc=0x00000201206046a2 sp=0x000000f9d2fff1d8 mode 2
Event: 7.380 Thread 0x0000020176b3a480 Uncommon trap: trap_request=0xffffff45 fr.pc=0x0000020120c42290 relative=0x0000000000000550
Event: 7.380 Thread 0x0000020176b3a480 Uncommon trap: reason=unstable_if action=reinterpret pc=0x0000020120c42290 method=java.lang.String.<init>(Ljava/lang/AbstractStringBuilder;Ljava/lang/Void;)V @ 19 c2
Event: 7.380 Thread 0x0000020176b3a480 DEOPT PACKING pc=0x0000020120c42290 sp=0x000000f9d2fff350
Event: 7.380 Thread 0x0000020176b3a480 DEOPT UNPACKING pc=0x00000201206046a2 sp=0x000000f9d2fff248 mode 2
Event: 7.380 Thread 0x0000020176b3a480 Uncommon trap: trap_request=0xffffff45 fr.pc=0x0000020120ce626c relative=0x00000000000000cc
Event: 7.380 Thread 0x0000020176b3a480 Uncommon trap: reason=unstable_if action=reinterpret pc=0x0000020120ce626c method=java.lang.String.codePointAt(I)I @ 4 c2
Event: 7.380 Thread 0x0000020176b3a480 DEOPT PACKING pc=0x0000020120ce626c sp=0x000000f9d2fff2d0
Event: 7.380 Thread 0x0000020176b3a480 DEOPT UNPACKING pc=0x00000201206046a2 sp=0x000000f9d2fff258 mode 2
Event: 7.380 Thread 0x0000020176b3a480 Uncommon trap: trap_request=0xffffffc6 fr.pc=0x0000020120d0e188 relative=0x00000000000002c8
Event: 7.380 Thread 0x0000020176b3a480 Uncommon trap: reason=bimorphic_or_optimized_type_check action=maybe_recompile pc=0x0000020120d0e188 method=java.util.regex.Matcher.getTextLength()I @ 4 c2
Event: 7.380 Thread 0x0000020176b3a480 DEOPT PACKING pc=0x0000020120d0e188 sp=0x000000f9d2fff3c0
Event: 7.380 Thread 0x0000020176b3a480 DEOPT UNPACKING pc=0x00000201206046a2 sp=0x000000f9d2fff2f0 mode 2
Event: 8.165 Thread 0x0000020176b36970 Uncommon trap: trap_request=0xffffffde fr.pc=0x0000020120e4b77c relative=0x00000000000001dc
Event: 8.165 Thread 0x0000020176b36970 Uncommon trap: reason=class_check action=maybe_recompile pc=0x0000020120e4b77c method=java.util.concurrent.locks.AbstractQueuedSynchronizer.acquireShared(I)V @ 2 c2
Event: 8.165 Thread 0x0000020176b36970 DEOPT PACKING pc=0x0000020120e4b77c sp=0x000000f9d31ff090
Event: 8.165 Thread 0x0000020176b36970 DEOPT UNPACKING pc=0x00000201206046a2 sp=0x000000f9d31ff068 mode 2

Classes loaded (20 events):
Event: 7.356 Loading class jdk/internal/logger/LoggerFinderLoader
Event: 7.356 Loading class jdk/internal/logger/LoggerFinderLoader done
Event: 7.356 Loading class jdk/internal/logger/LoggerFinderLoader$TemporaryLoggerFinder
Event: 7.356 Loading class jdk/internal/logger/LoggerFinderLoader$TemporaryLoggerFinder done
Event: 7.357 Loading class sun/util/logging/internal/LoggingProviderImpl$JULWrapper
Event: 7.357 Loading class sun/util/logging/PlatformLogger$ConfigurableBridge$LoggerConfiguration
Event: 7.357 Loading class sun/util/logging/PlatformLogger$ConfigurableBridge$LoggerConfiguration done
Event: 7.357 Loading class sun/util/logging/internal/LoggingProviderImpl$JULWrapper done
Event: 7.357 Loading class java/lang/System$Logger$Level
Event: 7.357 Loading class java/lang/System$Logger$Level done
Event: 7.358 Loading class java/nio/channels/ClosedChannelException
Event: 7.358 Loading class java/nio/channels/ClosedChannelException done
Event: 7.360 Loading class java/nio/channels/NonReadableChannelException
Event: 7.360 Loading class java/nio/channels/NonReadableChannelException done
Event: 7.360 Loading class java/nio/channels/NonWritableChannelException
Event: 7.360 Loading class java/nio/channels/NonWritableChannelException done
Event: 7.377 Loading class java/util/Scanner
Event: 7.378 Loading class java/util/Scanner done
Event: 7.379 Loading class java/util/Scanner$PatternLRUCache
Event: 7.379 Loading class java/util/Scanner$PatternLRUCache done

Classes unloaded (20 events):
Event: 7.301 Thread 0x000002012e918250 Unloading class 0x00000201303327d0 'lombok/javac/apt/MessagerDiagnosticsReceiver'
Event: 7.301 Thread 0x000002012e918250 Unloading class 0x0000020130332410 'lombok/javac/apt/InterceptingJavaFileManager'
Event: 7.301 Thread 0x000002012e918250 Unloading class 0x0000020130332210 'lombok/permit/dummy/Parent'
Event: 7.301 Thread 0x000002012e918250 Unloading class 0x0000020130332000 'lombok/core/CleanupRegistry'
Event: 7.301 Thread 0x000002012e918250 Unloading class 0x0000020130331db8 'lombok/permit/Permit$Fake'
Event: 7.301 Thread 0x000002012e918250 Unloading class 0x0000020130331bc0 'lombok/permit/Permit'
Event: 7.301 Thread 0x000002012e918250 Unloading class 0x00000201303318d8 'lombok/javac/apt/LombokProcessor$1'
Event: 7.301 Thread 0x000002012e918250 Unloading class 0x00000201303316e8 'lombok/core/DiagnosticsReceiver'
Event: 7.301 Thread 0x000002012e918250 Unloading class 0x0000020130331458 'lombok/javac/apt/LombokProcessor'
Event: 7.301 Thread 0x000002012e918250 Unloading class 0x0000020130331230 'lombok/core/AnnotationProcessor$EcjDescriptor'
Event: 7.301 Thread 0x000002012e918250 Unloading class 0x0000020130331000 'lombok/core/AnnotationProcessor$JavacDescriptor'
Event: 7.301 Thread 0x000002012e918250 Unloading class 0x0000020130330a78 'lombok/core/AnnotationProcessor$ProcessorDescriptor'
Event: 7.301 Thread 0x000002012e918250 Unloading class 0x0000020130330800 'lombok/core/AnnotationProcessor'
Event: 7.301 Thread 0x000002012e918250 Unloading class 0x000002013037f000 'lombok/launch/AnnotationProcessorHider$ClaimingProcessor'
Event: 7.301 Thread 0x000002012e918250 Unloading class 0x0000020130330488 'lombok/launch/AnnotationProcessorHider$AstModificationNotifierData'
Event: 7.301 Thread 0x000002012e918250 Unloading class 0x0000020130330210 'lombok/launch/ClassFileMetaData'
Event: 7.301 Thread 0x000002012e918250 Unloading class 0x0000020130330000 'lombok/launch/PackageShader'
Event: 7.301 Thread 0x000002012e918250 Unloading class 0x000002013030c470 'lombok/launch/ShadowClassLoader'
Event: 7.301 Thread 0x000002012e918250 Unloading class 0x000002013030c278 'lombok/launch/Main'
Event: 7.301 Thread 0x000002012e918250 Unloading class 0x000002013030c000 'lombok/launch/AnnotationProcessorHider$AnnotationProcessor'

Classes redefined (0 events):
No events

Internal exceptions (20 events):
Event: 6.832 Thread 0x000002010eac4020 Exception <a 'sun/nio/fs/WindowsException'{0x0000000747c6a948}> (0x0000000747c6a948) 
thrown [s\open\src\hotspot\share\prims\jni.cpp, line 520]
Event: 6.832 Thread 0x000002010eac4020 Exception <a 'sun/nio/fs/WindowsException'{0x0000000747c6b3b0}> (0x0000000747c6b3b0) 
thrown [s\open\src\hotspot\share\prims\jni.cpp, line 520]
Event: 6.834 Thread 0x000002010eac4020 Exception <a 'sun/nio/fs/WindowsException'{0x0000000747c8b7e8}> (0x0000000747c8b7e8) 
thrown [s\open\src\hotspot\share\prims\jni.cpp, line 520]
Event: 6.834 Thread 0x000002010eac4020 Exception <a 'sun/nio/fs/WindowsException'{0x0000000747c8c180}> (0x0000000747c8c180) 
thrown [s\open\src\hotspot\share\prims\jni.cpp, line 520]
Event: 6.834 Thread 0x000002010eac4020 Exception <a 'sun/nio/fs/WindowsException'{0x0000000747c8cbe8}> (0x0000000747c8cbe8) 
thrown [s\open\src\hotspot\share\prims\jni.cpp, line 520]
Event: 6.839 Thread 0x000002010eac4020 Exception <a 'sun/nio/fs/WindowsException'{0x0000000747d71a90}> (0x0000000747d71a90) 
thrown [s\open\src\hotspot\share\prims\jni.cpp, line 520]
Event: 6.841 Thread 0x000002010eac4020 Exception <a 'sun/nio/fs/WindowsException'{0x0000000747d88cb0}> (0x0000000747d88cb0) 
thrown [s\open\src\hotspot\share\prims\jni.cpp, line 520]
Event: 6.844 Thread 0x000002010eac4020 Exception <a 'sun/nio/fs/WindowsException'{0x0000000747d9fec0}> (0x0000000747d9fec0) 
thrown [s\open\src\hotspot\share\prims\jni.cpp, line 520]
Event: 6.845 Thread 0x000002010eac4020 Exception <a 'sun/nio/fs/WindowsException'{0x0000000747da0620}> (0x0000000747da0620) 
thrown [s\open\src\hotspot\share\prims\jni.cpp, line 520]
Event: 6.845 Thread 0x000002010eac4020 Exception <a 'sun/nio/fs/WindowsException'{0x0000000747da0bf0}> (0x0000000747da0bf0) 
thrown [s\open\src\hotspot\share\prims\jni.cpp, line 520]
Event: 6.845 Thread 0x000002010eac4020 Exception <a 'sun/nio/fs/WindowsException'{0x0000000747da1308}> (0x0000000747da1308) 
thrown [s\open\src\hotspot\share\prims\jni.cpp, line 520]
Event: 6.845 Thread 0x000002010eac4020 Exception <a 'sun/nio/fs/WindowsException'{0x0000000747da19f8}> (0x0000000747da19f8) 
thrown [s\open\src\hotspot\share\prims\jni.cpp, line 520]
Event: 7.121 Thread 0x000002012eb521f0 Exception <a 'java/lang/NoSuchMethodError'{0x000000074b127428}: 'java.lang.Object java.lang.invoke.DirectMethodHandle$Holder.invokeStatic(java.lang.Object, long, java.lang.Object)'> (0x000000074b127428) 
thrown [s\open\src\hotspot\share\interpreter\linkResolver.cpp, line 773]
Event: 7.121 Thread 0x000002012eb521f0 Exception <a 'java/lang/NoSuchMethodError'{0x000000074b12a7e0}: 'java.lang.Object java.lang.invoke.DirectMethodHandle$Holder.invokeStaticInit(java.lang.Object, long, java.lang.Object)'> (0x000000074b12a7e0) 
thrown [s\open\src\hotspot\share\interpreter\linkResolver.cpp, line 773]
Event: 7.122 Thread 0x000002012eb521f0 Exception <a 'java/lang/NoSuchMethodError'{0x000000074b12fbf8}: 'java.lang.Object java.lang.invoke.DirectMethodHandle$Holder.newInvokeSpecial(java.lang.Object, long)'> (0x000000074b12fbf8) 
thrown [s\open\src\hotspot\share\interpreter\linkResolver.cpp, line 773]
Event: 7.124 Thread 0x000002012eb521f0 Exception <a 'java/lang/NoSuchMethodError'{0x000000074b1343e0}: 'long java.lang.invoke.DirectMethodHandle$Holder.invokeInterface(java.lang.Object, java.lang.Object)'> (0x000000074b1343e0) 
thrown [s\open\src\hotspot\share\interpreter\linkResolver.cpp, line 773]
Event: 7.125 Thread 0x000002012eb521f0 Exception <a 'java/lang/NoSuchMethodError'{0x000000074b1378a8}: 'long java.lang.invoke.DelegatingMethodHandle$Holder.reinvoke_L(java.lang.Object, java.lang.Object)'> (0x000000074b1378a8) 
thrown [s\open\src\hotspot\share\interpreter\linkResolver.cpp, line 773]
Event: 7.165 Thread 0x000002010eac4020 Exception <a 'java/lang/NoSuchMethodError'{0x000000074af02888}: 'java.lang.Object java.lang.invoke.DirectMethodHandle$Holder.invokeStaticInit(java.lang.Object, java.lang.Object, int, int, int, int)'> (0x000000074af02888) 
thrown [s\open\src\hotspot\share\interpreter\linkResolver.cpp, line 773]
Event: 7.277 Thread 0x000002010eac4020 Exception <a 'java/lang/NoSuchMethodError'{0x000000074da620f0}: 'java.lang.Object java.lang.invoke.DirectMethodHandle$Holder.invokeStaticInit(java.lang.Object, int)'> (0x000000074da620f0) 
thrown [s\open\src\hotspot\share\interpreter\linkResolver.cpp, line 773]
Event: 7.352 Thread 0x000002010eac4020 Exception <a 'java/lang/NoSuchMethodError'{0x000000074b9bde60}: 'void java.lang.invoke.DirectMethodHandle$Holder.invokeStatic(java.lang.Object, long)'> (0x000000074b9bde60) 
thrown [s\open\src\hotspot\share\interpreter\linkResolver.cpp, line 773]

ZGC Phase Switch (0 events):
No events

VM Operations (20 events):
Event: 7.266 Executing VM operation: CollectForMetadataAllocation (Metadata GC Threshold)
Event: 7.268 Executing VM operation: CollectForMetadataAllocation (Metadata GC Threshold) done
Event: 7.295 Executing VM operation: HandshakeAllThreads (Deoptimize)
Event: 7.295 Executing VM operation: HandshakeAllThreads (Deoptimize) done
Event: 7.298 Executing VM operation: CollectForMetadataAllocation (Metadata GC Threshold)
Event: 7.298 Executing VM operation: CollectForMetadataAllocation (Metadata GC Threshold) done
Event: 7.300 Executing VM operation: G1PauseRemark
Event: 7.309 Executing VM operation: G1PauseRemark done
Event: 7.310 Executing VM operation: HandshakeAllThreads (Deoptimize)
Event: 7.310 Executing VM operation: HandshakeAllThreads (Deoptimize) done
Event: 7.319 Executing VM operation: G1PauseCleanup
Event: 7.319 Executing VM operation: G1PauseCleanup done
Event: 7.320 Executing VM operation: HandshakeAllThreads (Deoptimize)
Event: 7.320 Executing VM operation: HandshakeAllThreads (Deoptimize) done
Event: 7.321 Executing VM operation: HandshakeAllThreads (Deoptimize)
Event: 7.321 Executing VM operation: HandshakeAllThreads (Deoptimize) done
Event: 7.354 Executing VM operation: HandshakeAllThreads (Deoptimize)
Event: 7.354 Executing VM operation: HandshakeAllThreads (Deoptimize) done
Event: 8.368 Executing VM operation: Cleanup
Event: 8.368 Executing VM operation: Cleanup done

Events (20 events):
Event: 7.308 Thread 0x000002012e918250 flushing nmethod 0x0000020119d90510
Event: 7.308 Thread 0x000002012e918250 flushing nmethod 0x0000020119db9d10
Event: 7.308 Thread 0x000002012e918250 flushing nmethod 0x0000020119dbe990
Event: 7.308 Thread 0x000002012e918250 flushing nmethod 0x0000020119dc1190
Event: 7.308 Thread 0x000002012e918250 flushing nmethod 0x0000020119dfbd90
Event: 7.308 Thread 0x000002012e918250 flushing nmethod 0x0000020119dfef90
Event: 7.308 Thread 0x000002012e918250 flushing nmethod 0x0000020119e19290
Event: 7.308 Thread 0x000002012e918250 flushing nmethod 0x0000020119e28e10
Event: 7.308 Thread 0x000002012e918250 flushing nmethod 0x0000020119e8d590
Event: 7.308 Thread 0x000002012e918250 flushing nmethod 0x0000020119e8e390
Event: 7.308 Thread 0x000002012e918250 flushing nmethod 0x0000020119e8eb10
Event: 7.308 Thread 0x000002012e918250 flushing nmethod 0x0000020119e96190
Event: 7.308 Thread 0x000002012e918250 flushing nmethod 0x0000020119e97510
Event: 7.308 Thread 0x000002012e918250 flushing nmethod 0x0000020119e97b10
Event: 7.308 Thread 0x000002012e918250 flushing nmethod 0x0000020119e98010
Event: 7.308 Thread 0x000002012e918250 flushing nmethod 0x0000020119fb3990
Event: 7.341 Thread 0x000002012eb54fe0 Thread added: 0x000002012eb54fe0
Event: 7.376 Thread 0x0000020176b3a480 Thread added: 0x0000020176b3a480
Event: 7.377 Thread 0x0000020176b3d270 Thread added: 0x0000020176b3d270
Event: 7.387 Thread 0x0000020176b36970 Thread added: 0x0000020176b36970


Dynamic libraries:
0x00007ff7214a0000 - 0x00007ff7214b0000 	C:\Program Files\Java\jdk-21\bin\java.exe
0x00007ffab4e90000 - 0x00007ffab5088000 	C:\Windows\SYSTEM32\ntdll.dll
0x00007ffab4c50000 - 0x00007ffab4d12000 	C:\Windows\System32\KERNEL32.DLL
0x00007ffab2700000 - 0x00007ffab29ff000 	C:\Windows\System32\KERNELBASE.dll
0x00007ffab2c40000 - 0x00007ffab2d40000 	C:\Windows\System32\ucrtbase.dll
0x00007ffa9d040000 - 0x00007ffa9d05b000 	C:\Program Files\Java\jdk-21\bin\VCRUNTIME140.dll
0x00007ffaa8e30000 - 0x00007ffaa8e49000 	C:\Program Files\Java\jdk-21\bin\jli.dll
0x00007ffab3330000 - 0x00007ffab33e1000 	C:\Windows\System32\ADVAPI32.dll
0x00007ffab4890000 - 0x00007ffab492e000 	C:\Windows\System32\msvcrt.dll
0x00007ffab3f40000 - 0x00007ffab3fdf000 	C:\Windows\System32\sechost.dll
0x00007ffab3480000 - 0x00007ffab35a3000 	C:\Windows\System32\RPCRT4.dll
0x00007ffab2c10000 - 0x00007ffab2c37000 	C:\Windows\System32\bcrypt.dll
0x00007ffab4ab0000 - 0x00007ffab4c4d000 	C:\Windows\System32\USER32.dll
0x00007ffab26d0000 - 0x00007ffab26f2000 	C:\Windows\System32\win32u.dll
0x00007ffaa1b10000 - 0x00007ffaa1daa000 	C:\Windows\WinSxS\amd64_microsoft.windows.common-controls_6595b64144ccf1df_6.0.19041.4355_none_60b8b9eb71f62e16\COMCTL32.dll
0x00007ffab47a0000 - 0x00007ffab47cb000 	C:\Windows\System32\GDI32.dll
0x00007ffab25b0000 - 0x00007ffab26c7000 	C:\Windows\System32\gdi32full.dll
0x00007ffab2a00000 - 0x00007ffab2a9d000 	C:\Windows\System32\msvcp_win.dll
0x00007ffaadaf0000 - 0x00007ffaadafa000 	C:\Windows\SYSTEM32\VERSION.dll
0x00007ffab41c0000 - 0x00007ffab41ef000 	C:\Windows\System32\IMM32.DLL
0x00007ffa9d030000 - 0x00007ffa9d03c000 	C:\Program Files\Java\jdk-21\bin\vcruntime140_1.dll
0x00007ffa81b90000 - 0x00007ffa81c1e000 	C:\Program Files\Java\jdk-21\bin\msvcp140.dll
0x00007ffa3b480000 - 0x00007ffa3c198000 	C:\Program Files\Java\jdk-21\bin\server\jvm.dll
0x00007ffab35b0000 - 0x00007ffab361b000 	C:\Windows\System32\WS2_32.dll
0x00007ffab2260000 - 0x00007ffab22ab000 	C:\Windows\SYSTEM32\POWRPROF.dll
0x00007ffaa1f60000 - 0x00007ffaa1f87000 	C:\Windows\SYSTEM32\WINMM.dll
0x00007ffab2240000 - 0x00007ffab2252000 	C:\Windows\SYSTEM32\UMPDC.dll
0x00007ffab03a0000 - 0x00007ffab03b2000 	C:\Windows\SYSTEM32\kernel.appcore.dll
0x00007ffa9d020000 - 0x00007ffa9d02a000 	C:\Program Files\Java\jdk-21\bin\jimage.dll
0x00007ffa98720000 - 0x00007ffa98904000 	C:\Windows\SYSTEM32\DBGHELP.DLL
0x00007ffa98300000 - 0x00007ffa98334000 	C:\Windows\SYSTEM32\dbgcore.DLL
0x00007ffab2520000 - 0x00007ffab25a2000 	C:\Windows\System32\bcryptPrimitives.dll
0x00007ffa9ce40000 - 0x00007ffa9ce4f000 	C:\Program Files\Java\jdk-21\bin\instrument.dll
0x00007ffa9d000000 - 0x00007ffa9d01f000 	C:\Program Files\Java\jdk-21\bin\java.dll
0x00007ffab3620000 - 0x00007ffab3d8e000 	C:\Windows\System32\SHELL32.dll
0x00007ffab05a0000 - 0x00007ffab0d44000 	C:\Windows\SYSTEM32\windows.storage.dll
0x00007ffab4440000 - 0x00007ffab4795000 	C:\Windows\System32\combase.dll
0x00007ffab1e80000 - 0x00007ffab1eaf000 	C:\Windows\SYSTEM32\Wldp.dll
0x00007ffab4200000 - 0x00007ffab42cd000 	C:\Windows\System32\OLEAUT32.dll
0x00007ffab4da0000 - 0x00007ffab4e4d000 	C:\Windows\System32\SHCORE.dll
0x00007ffab3410000 - 0x00007ffab3465000 	C:\Windows\System32\shlwapi.dll
0x00007ffab2450000 - 0x00007ffab2474000 	C:\Windows\SYSTEM32\profapi.dll
0x00007ffa81ab0000 - 0x00007ffa81b87000 	C:\Program Files\Java\jdk-21\bin\jsvml.dll
0x00007ffa9cc20000 - 0x00007ffa9cc38000 	C:\Program Files\Java\jdk-21\bin\zip.dll
0x00007ffa9cfb0000 - 0x00007ffa9cfc0000 	C:\Program Files\Java\jdk-21\bin\net.dll
0x00007ffaaa310000 - 0x00007ffaaa41d000 	C:\Windows\SYSTEM32\WINHTTP.dll
0x00007ffab1be0000 - 0x00007ffab1c4a000 	C:\Windows\system32\mswsock.dll
0x00007ffa9cc60000 - 0x00007ffa9cc76000 	C:\Program Files\Java\jdk-21\bin\nio.dll
0x00007ffa8d880000 - 0x00007ffa8d89a000 	C:\Program Files\JetBrains\IntelliJ IDEA 2024.3.2.1\bin\breakgen64.dll
0x00007ffa9ceb0000 - 0x00007ffa9ceb9000 	C:\Program Files\Java\jdk-21\bin\extnet.dll
0x00007ffa8a2a0000 - 0x00007ffa8a2c4000 	C:\Users\pc\AppData\Local\Temp\jansi-2.4.1-ac61044d127ab591-jansi.dll
0x00007ffa91580000 - 0x00007ffa91590000 	C:\Program Files\Java\jdk-21\bin\verify.dll
0x00007ffab1de0000 - 0x00007ffab1df8000 	C:\Windows\SYSTEM32\CRYPTSP.dll
0x00007ffab1500000 - 0x00007ffab1534000 	C:\Windows\system32\rsaenh.dll
0x00007ffab23d0000 - 0x00007ffab23fe000 	C:\Windows\SYSTEM32\USERENV.dll
0x00007ffab1dd0000 - 0x00007ffab1ddc000 	C:\Windows\SYSTEM32\CRYPTBASE.dll
0x00007ffab18c0000 - 0x00007ffab18fb000 	C:\Windows\SYSTEM32\IPHLPAPI.DLL
0x00007ffab3470000 - 0x00007ffab3478000 	C:\Windows\System32\NSI.dll

dbghelp: loaded successfully - version: 4.0.5 - missing functions: none
symbol engine: initialized successfully - sym options: 0x614 - pdb path: .;C:\Program Files\Java\jdk-21\bin;C:\Windows\SYSTEM32;C:\Windows\WinSxS\amd64_microsoft.windows.common-controls_6595b64144ccf1df_6.0.19041.4355_none_60b8b9eb71f62e16;C:\Program Files\Java\jdk-21\bin\server;C:\Program Files\JetBrains\IntelliJ IDEA 2024.3.2.1\bin;C:\Users\pc\AppData\Local\Temp

VM Arguments:
jvm_args: -Dmaven.multiModuleProjectDirectory=C:\Users\pc\Documents\OSM\treasure-hunt -Djansi.passthrough=true -Dmaven.home=C:\Users\pc\.m2\wrapper\dists\apache-maven-3.9.9-bin\4nf9hui3q3djbarqar9g711ggc\apache-maven-3.9.9 -Dclassworlds.conf=C:\Users\pc\.m2\wrapper\dists\apache-maven-3.9.9-bin\4nf9hui3q3djbarqar9g711ggc\apache-maven-3.9.9\bin\m2.conf -Dmaven.ext.class.path=C:\Program Files\JetBrains\IntelliJ IDEA 2024.3.2.1\plugins\maven\lib\maven-event-listener.jar -javaagent:C:\Program Files\JetBrains\IntelliJ IDEA 2024.3.2.1\lib\idea_rt.jar=54179:C:\Program Files\JetBrains\IntelliJ IDEA 2024.3.2.1\bin -Dfile.encoding=UTF-8 -Dsun.stdout.encoding=UTF-8 -Dsun.stderr.encoding=UTF-8 
java_command: org.codehaus.classworlds.Launcher -Didea.version=2024.3.2.1 install
java_class_path (initial): C:\Users\pc\.m2\wrapper\dists\apache-maven-3.9.9-bin\4nf9hui3q3djbarqar9g711ggc\apache-maven-3.9.9\boot\plexus-classworlds-2.8.0.jar;C:\Users\pc\.m2\wrapper\dists\apache-maven-3.9.9-bin\4nf9hui3q3djbarqar9g711ggc\apache-maven-3.9.9\boot\plexus-classworlds.license
Launcher Type: SUN_STANDARD

[Global flags]
     intx CICompilerCount                          = 4                                         {product} {ergonomic}
     uint ConcGCThreads                            = 2                                         {product} {ergonomic}
     uint G1ConcRefinementThreads                  = 8                                         {product} {ergonomic}
   size_t G1HeapRegionSize                         = 2097152                                   {product} {ergonomic}
    uintx GCDrainStackTargetSize                   = 64                                        {product} {ergonomic}
   size_t InitialHeapSize                          = 201326592                                 {product} {ergonomic}
   size_t MarkStackSize                            = 4194304                                   {product} {ergonomic}
   size_t MaxHeapSize                              = 3191865344                                {product} {ergonomic}
   size_t MaxNewSize                               = 1914699776                                {product} {ergonomic}
   size_t MinHeapDeltaBytes                        = 2097152                                   {product} {ergonomic}
   size_t MinHeapSize                              = 8388608                                   {product} {ergonomic}
    uintx NonNMethodCodeHeapSize                   = 5839372                                {pd product} {ergonomic}
    uintx NonProfiledCodeHeapSize                  = 122909434                              {pd product} {ergonomic}
    uintx ProfiledCodeHeapSize                     = 122909434                              {pd product} {ergonomic}
    uintx ReservedCodeCacheSize                    = 251658240                              {pd product} {ergonomic}
     bool SegmentedCodeCache                       = true                                      {product} {ergonomic}
   size_t SoftMaxHeapSize                          = 3191865344                             {manageable} {ergonomic}
     bool UseCompressedOops                        = true                           {product lp64_product} {ergonomic}
     bool UseG1GC                                  = true                                      {product} {ergonomic}
     bool UseLargePagesIndividualAllocation        = false                                  {pd product} {ergonomic}

Logging:
Log output configuration:
 #0: stdout all=warning uptime,level,tags foldmultilines=false
 #1: stderr all=off uptime,level,tags foldmultilines=false

Environment Variables:
JAVA_HOME=C:\Program Files\Java\jdk-21
PATH=C:\Program Files\Common Files\Oracle\Java\javapath;C:\Windows\system32;C:\Windows;C:\Windows\System32\Wbem;C:\Windows\System32\WindowsPowerShell\v1.0\;C:\Windows\System32\OpenSSH\;C:\Program Files\Git\cmd;C:\Program Files\Java\jdk-21\bin;C:\javacc\scripts;C:\Program Files (x86)\sbt\bin;C:\Program Files\nodejs\;C:\Users\pc\Documents\apache-maven-3.9.9-bin\apache-maven-3.9.9\bin;C:\Users\pc\scoop\shims;C:\Users\pc\AppData\Local\Microsoft\WindowsApps;C:\Users\pc\AppData\Local\Programs\Microsoft VS Code\bin;C:\Users\pc\AppData\Roaming\npm
USERNAME=pc
OS=Windows_NT
PROCESSOR_IDENTIFIER=Intel64 Family 6 Model 158 Stepping 9, GenuineIntel
TMP=C:\Users\pc\AppData\Local\Temp
TEMP=C:\Users\pc\AppData\Local\Temp




Periodic native trim disabled

---------------  S Y S T E M  ---------------

OS:
 Windows 10 , 64 bit Build 19041 (10.0.19041.5198)
OS uptime: 2 days 5:44 hours

CPU: total 8 (initial active 8) (4 cores per cpu, 2 threads per core) family 6 model 158 stepping 9 microcode 0xb4, cx8, cmov, fxsr, ht, mmx, 3dnowpref, sse, sse2, sse3, ssse3, sse4.1, sse4.2, popcnt, lzcnt, tsc, tscinvbit, avx, avx2, aes, erms, clmul, bmi1, bmi2, adx, fma, vzeroupper, clflush, clflushopt, rdtscp, f16c
Processor Information for all 8 processors :
  Max Mhz: 2808, Current Mhz: 2808, Mhz Limit: 2808

Memory: 4k page, system-wide physical 12172M (1741M free)
TotalPageFile size 15107M (AvailPageFile size 4M)
current process WorkingSet (physical memory assigned to process): 446M, peak: 446M
current process commit charge ("private bytes"): 500M, peak: 502M

vm_info: Java HotSpot(TM) 64-Bit Server VM (21.0.5+9-LTS-239) for windows-amd64 JRE (21.0.5+9-LTS-239), built on 2024-09-30T05:17:38Z by "mach5one" with MS VC++ 17.6 (VS2022)

END.
