#
# There is insufficient memory for the Java Runtime Environment to continue.
# Native memory allocation (malloc) failed to allocate 260496 bytes for Chunk::new
# Possible reasons:
#   The system is out of physical RAM or swap space
#   The process is running with CompressedOops enabled, and the Java Heap may be blocking the growth of the native heap
# Possible solutions:
#   Reduce memory load on the system
#   Increase physical memory or swap space
#   Check if swap backing store is full
#   Decrease Java heap size (-Xmx/-Xms)
#   Decrease number of Java threads
#   Decrease Java thread stack sizes (-Xss)
#   Set larger code cache with -XX:ReservedCodeCacheSize=
#   JVM is running with Zero Based Compressed Oops mode in which the Java heap is
#     placed in the first 32GB address space. The Java Heap base address is the
#     maximum limit for the native heap growth. Please use -XX:HeapBaseMinAddress
#     to set the Java Heap base and to place the Java Heap above 32GB virtual address.
# This output file may be truncated or incomplete.
#
#  Out of Memory Error (arena.cpp:168), pid=17332, tid=5084
#
# JRE version: Java(TM) SE Runtime Environment (21.0.5+9) (build 21.0.5+9-LTS-239)
# Java VM: Java HotSpot(TM) 64-Bit Server VM (21.0.5+9-LTS-239, mixed mode, sharing, tiered, compressed oops, compressed class ptrs, g1 gc, windows-amd64)
# No core dump will be written. Minidumps are not enabled by default on client versions of Windows
#

---------------  S U M M A R Y ------------

Command Line: C:\Users\pc\AppData\Local\Temp\surefire13292640304157061716\surefirebooter-20250129164210498_3.jar C:\Users\pc\AppData\Local\Temp\surefire13292640304157061716 2025-01-29T16-42-10_359-jvmRun1 surefire-20250129164210498_1tmp surefire_0-20250129164210498_2tmp

Host: Intel(R) Core(TM) i7-7700HQ CPU @ 2.80GHz, 8 cores, 11G,  Windows 10 , 64 bit Build 19041 (10.0.19041.5198)
Time: Wed Jan 29 16:42:11 2025 Morocco Daylight Time elapsed time: 1.028277 seconds (0d 0h 0m 1s)

---------------  T H R E A D  ---------------

Current thread (0x0000017ca7a22080):  JavaThread "C2 CompilerThread1" daemon [_thread_in_native, id=5084, stack(0x0000000c6c000000,0x0000000c6c100000) (1024K)]


Current CompileTask:
C2:   1028 1555   !   4       java.util.concurrent.ConcurrentHashMap::transfer (849 bytes)

Stack: [0x0000000c6c000000,0x0000000c6c100000]
Native frames: (J=compiled Java code, j=interpreted, Vv=VM code, C=native code)
V  [jvm.dll+0x6ca289]
V  [jvm.dll+0x854a51]
V  [jvm.dll+0x856f7e]
V  [jvm.dll+0x857653]
V  [jvm.dll+0x27dd26]
V  [jvm.dll+0xc4c2d]
V  [jvm.dll+0xc5163]
V  [jvm.dll+0x3b4d3c]
V  [jvm.dll+0x1df809]
V  [jvm.dll+0x246a62]
V  [jvm.dll+0x245eef]
V  [jvm.dll+0x1c6d0e]
V  [jvm.dll+0x2554d9]
V  [jvm.dll+0x253a6a]
V  [jvm.dll+0x3ee136]
V  [jvm.dll+0x7fee9b]
V  [jvm.dll+0x6c896d]
C  [ucrtbase.dll+0x21bb2]
C  [KERNEL32.DLL+0x17374]
C  [ntdll.dll+0x4cc91]


---------------  P R O C E S S  ---------------

Threads class SMR info:
_java_thread_list=0x0000017ced2aa650, length=14, elements={
0x0000017c876eb0a0, 0x0000017ca76786b0, 0x0000017ca767b9d0, 0x0000017ca76807b0,
0x0000017ca7683490, 0x0000017ca7685ef0, 0x0000017ca7686940, 0x0000017ca7699ea0,
0x0000017ca769c940, 0x0000017ca791bd70, 0x0000017ca79229d0, 0x0000017ca7a22080,
0x0000017ced039a10, 0x0000017ced415940
}

Java Threads: ( => current thread )
  0x0000017c876eb0a0 JavaThread "main"                              [_thread_in_native, id=19216, stack(0x0000000c6ae00000,0x0000000c6af00000) (1024K)]
  0x0000017ca76786b0 JavaThread "Reference Handler"          daemon [_thread_blocked, id=18824, stack(0x0000000c6b600000,0x0000000c6b700000) (1024K)]
  0x0000017ca767b9d0 JavaThread "Finalizer"                  daemon [_thread_blocked, id=15128, stack(0x0000000c6b700000,0x0000000c6b800000) (1024K)]
  0x0000017ca76807b0 JavaThread "Signal Dispatcher"          daemon [_thread_blocked, id=22080, stack(0x0000000c6b800000,0x0000000c6b900000) (1024K)]
  0x0000017ca7683490 JavaThread "Attach Listener"            daemon [_thread_blocked, id=16328, stack(0x0000000c6b900000,0x0000000c6ba00000) (1024K)]
  0x0000017ca7685ef0 JavaThread "Service Thread"             daemon [_thread_blocked, id=4456, stack(0x0000000c6ba00000,0x0000000c6bb00000) (1024K)]
  0x0000017ca7686940 JavaThread "Monitor Deflation Thread"   daemon [_thread_blocked, id=5124, stack(0x0000000c6bb00000,0x0000000c6bc00000) (1024K)]
  0x0000017ca7699ea0 JavaThread "C2 CompilerThread0"         daemon [_thread_in_native, id=7400, stack(0x0000000c6bc00000,0x0000000c6bd00000) (1024K)]
  0x0000017ca769c940 JavaThread "C1 CompilerThread0"         daemon [_thread_blocked, id=7148, stack(0x0000000c6bd00000,0x0000000c6be00000) (1024K)]
  0x0000017ca791bd70 JavaThread "Notification Thread"        daemon [_thread_blocked, id=23216, stack(0x0000000c6be00000,0x0000000c6bf00000) (1024K)]
  0x0000017ca79229d0 JavaThread "Common-Cleaner"             daemon [_thread_blocked, id=18408, stack(0x0000000c6bf00000,0x0000000c6c000000) (1024K)]
=>0x0000017ca7a22080 JavaThread "C2 CompilerThread1"         daemon [_thread_in_native, id=5084, stack(0x0000000c6c000000,0x0000000c6c100000) (1024K)]
  0x0000017ced039a10 JavaThread "surefire-forkedjvm-stream-flusher" daemon [_thread_blocked, id=20928, stack(0x0000000c6c100000,0x0000000c6c200000) (1024K)]
  0x0000017ced415940 JavaThread "surefire-forkedjvm-command-thread" daemon [_thread_in_native, id=13576, stack(0x0000000c6c200000,0x0000000c6c300000) (1024K)]
Total: 14

Other Threads:
  0x0000017ca7662470 VMThread "VM Thread"                           [id=5284, stack(0x0000000c6b500000,0x0000000c6b600000) (1024K)]
  0x0000017ca7650e70 WatcherThread "VM Periodic Task Thread"        [id=10864, stack(0x0000000c6b400000,0x0000000c6b500000) (1024K)]
  0x0000017c8998aab0 WorkerThread "GC Thread#0"                     [id=1464, stack(0x0000000c6af00000,0x0000000c6b000000) (1024K)]
  0x0000017ced9d9320 WorkerThread "GC Thread#1"                     [id=23576, stack(0x0000000c6c300000,0x0000000c6c400000) (1024K)]
  0x0000017ced9d96c0 WorkerThread "GC Thread#2"                     [id=15824, stack(0x0000000c6c400000,0x0000000c6c500000) (1024K)]
  0x0000017ced9d9a60 WorkerThread "GC Thread#3"                     [id=11984, stack(0x0000000c6c500000,0x0000000c6c600000) (1024K)]
  0x0000017ced8dbf10 WorkerThread "GC Thread#4"                     [id=16184, stack(0x0000000c6c600000,0x0000000c6c700000) (1024K)]
  0x0000017ced7e1cc0 WorkerThread "GC Thread#5"                     [id=18060, stack(0x0000000c6c700000,0x0000000c6c800000) (1024K)]
  0x0000017ced7e2460 WorkerThread "GC Thread#6"                     [id=14656, stack(0x0000000c6c800000,0x0000000c6c900000) (1024K)]
  0x0000017ced7e3410 WorkerThread "GC Thread#7"                     [id=18188, stack(0x0000000c6c900000,0x0000000c6ca00000) (1024K)]
  0x0000017c899992a0 ConcurrentGCThread "G1 Main Marker"            [id=3012, stack(0x0000000c6b000000,0x0000000c6b100000) (1024K)]
  0x0000017c8999a540 WorkerThread "G1 Conc#0"                       [id=7740, stack(0x0000000c6b100000,0x0000000c6b200000) (1024K)]
  0x0000017ca7520090 ConcurrentGCThread "G1 Refine#0"               [id=24196, stack(0x0000000c6b200000,0x0000000c6b300000) (1024K)]
  0x0000017ca75208b0 ConcurrentGCThread "G1 Service"                [id=19980, stack(0x0000000c6b300000,0x0000000c6b400000) (1024K)]
Total: 14

Threads with active compile tasks:
C2 CompilerThread0     1059 1557       4       jdk.internal.loader.URLClassPath::getResource (74 bytes)
C2 CompilerThread1     1059 1555   !   4       java.util.concurrent.ConcurrentHashMap::transfer (849 bytes)
Total: 2

VM state: not at safepoint (normal execution)

VM Mutex/Monitor currently owned by a thread: None

Heap address: 0x0000000741c00000, size: 3044 MB, Compressed Oops mode: Zero based, Oop shift amount: 3

CDS archive(s) mapped at: [0x0000017ca8000000-0x0000017ca8c90000-0x0000017ca8c90000), size 13172736, SharedBaseAddress: 0x0000017ca8000000, ArchiveRelocationMode: 1.
Compressed class space mapped at: 0x0000017ca9000000-0x0000017ce9000000, reserved size: 1073741824
Narrow klass base: 0x0000017ca8000000, Narrow klass shift: 0, Narrow klass range: 0x100000000

GC Precious Log:
 CardTable entry size: 512
 Card Set container configuration: InlinePtr #cards 4 size 8 Array Of Cards #cards 16 size 48 Howl #buckets 8 coarsen threshold 3686 Howl Bitmap #cards 512 size 80 coarsen threshold 460 Card regions per heap region 1 cards per card region 4096
 CPUs: 8 total, 8 available
 Memory: 12172M
 Large Page Support: Disabled
 NUMA Support: Disabled
 Compressed Oops: Enabled (Zero based)
 Heap Region Size: 2M
 Heap Min Capacity: 8M
 Heap Initial Capacity: 192M
 Heap Max Capacity: 3044M
 Pre-touch: Disabled
 Parallel Workers: 8
 Concurrent Workers: 2
 Concurrent Refinement Workers: 8
 Periodic GC: Disabled

Heap:
 garbage-first heap   total 196608K, used 26489K [0x0000000741c00000, 0x0000000800000000)
  region size 2048K, 11 young (22528K), 2 survivors (4096K)
 Metaspace       used 9301K, committed 9536K, reserved 1114112K
  class space    used 1099K, committed 1152K, reserved 1048576K

Heap Regions: E=young(eden), S=young(survivor), O=old, HS=humongous(starts), HC=humongous(continues), CS=collection set, F=free, TAMS=top-at-mark-start, PB=parsable bottom
|   0|0x0000000741c00000, 0x0000000741e00000, 0x0000000741e00000|100%| O|  |TAMS 0x0000000741c00000| PB 0x0000000741c00000| Untracked 
|   1|0x0000000741e00000, 0x0000000742000000, 0x0000000742000000|100%| O|  |TAMS 0x0000000741e00000| PB 0x0000000741e00000| Untracked 
|   2|0x0000000742000000, 0x00000007421de508, 0x0000000742200000| 93%| O|  |TAMS 0x0000000742000000| PB 0x0000000742000000| Untracked 
|   3|0x0000000742200000, 0x0000000742200000, 0x0000000742400000|  0%| F|  |TAMS 0x0000000742200000| PB 0x0000000742200000| Untracked 
|   4|0x0000000742400000, 0x0000000742400000, 0x0000000742600000|  0%| F|  |TAMS 0x0000000742400000| PB 0x0000000742400000| Untracked 
|   5|0x0000000742600000, 0x0000000742600000, 0x0000000742800000|  0%| F|  |TAMS 0x0000000742600000| PB 0x0000000742600000| Untracked 
|   6|0x0000000742800000, 0x0000000742800000, 0x0000000742a00000|  0%| F|  |TAMS 0x0000000742800000| PB 0x0000000742800000| Untracked 
|   7|0x0000000742a00000, 0x0000000742a00000, 0x0000000742c00000|  0%| F|  |TAMS 0x0000000742a00000| PB 0x0000000742a00000| Untracked 
|   8|0x0000000742c00000, 0x0000000742c00000, 0x0000000742e00000|  0%| F|  |TAMS 0x0000000742c00000| PB 0x0000000742c00000| Untracked 
|   9|0x0000000742e00000, 0x0000000742e00000, 0x0000000743000000|  0%| F|  |TAMS 0x0000000742e00000| PB 0x0000000742e00000| Untracked 
|  10|0x0000000743000000, 0x0000000743000000, 0x0000000743200000|  0%| F|  |TAMS 0x0000000743000000| PB 0x0000000743000000| Untracked 
|  11|0x0000000743200000, 0x0000000743200000, 0x0000000743400000|  0%| F|  |TAMS 0x0000000743200000| PB 0x0000000743200000| Untracked 
|  12|0x0000000743400000, 0x0000000743400000, 0x0000000743600000|  0%| F|  |TAMS 0x0000000743400000| PB 0x0000000743400000| Untracked 
|  13|0x0000000743600000, 0x0000000743600000, 0x0000000743800000|  0%| F|  |TAMS 0x0000000743600000| PB 0x0000000743600000| Untracked 
|  14|0x0000000743800000, 0x0000000743800000, 0x0000000743a00000|  0%| F|  |TAMS 0x0000000743800000| PB 0x0000000743800000| Untracked 
|  15|0x0000000743a00000, 0x0000000743a00000, 0x0000000743c00000|  0%| F|  |TAMS 0x0000000743a00000| PB 0x0000000743a00000| Untracked 
|  16|0x0000000743c00000, 0x0000000743c00000, 0x0000000743e00000|  0%| F|  |TAMS 0x0000000743c00000| PB 0x0000000743c00000| Untracked 
|  17|0x0000000743e00000, 0x0000000743e00000, 0x0000000744000000|  0%| F|  |TAMS 0x0000000743e00000| PB 0x0000000743e00000| Untracked 
|  18|0x0000000744000000, 0x0000000744000000, 0x0000000744200000|  0%| F|  |TAMS 0x0000000744000000| PB 0x0000000744000000| Untracked 
|  19|0x0000000744200000, 0x0000000744200000, 0x0000000744400000|  0%| F|  |TAMS 0x0000000744200000| PB 0x0000000744200000| Untracked 
|  20|0x0000000744400000, 0x0000000744400000, 0x0000000744600000|  0%| F|  |TAMS 0x0000000744400000| PB 0x0000000744400000| Untracked 
|  21|0x0000000744600000, 0x0000000744600000, 0x0000000744800000|  0%| F|  |TAMS 0x0000000744600000| PB 0x0000000744600000| Untracked 
|  22|0x0000000744800000, 0x0000000744800000, 0x0000000744a00000|  0%| F|  |TAMS 0x0000000744800000| PB 0x0000000744800000| Untracked 
|  23|0x0000000744a00000, 0x0000000744a00000, 0x0000000744c00000|  0%| F|  |TAMS 0x0000000744a00000| PB 0x0000000744a00000| Untracked 
|  24|0x0000000744c00000, 0x0000000744c00000, 0x0000000744e00000|  0%| F|  |TAMS 0x0000000744c00000| PB 0x0000000744c00000| Untracked 
|  25|0x0000000744e00000, 0x0000000744e00000, 0x0000000745000000|  0%| F|  |TAMS 0x0000000744e00000| PB 0x0000000744e00000| Untracked 
|  26|0x0000000745000000, 0x0000000745000000, 0x0000000745200000|  0%| F|  |TAMS 0x0000000745000000| PB 0x0000000745000000| Untracked 
|  27|0x0000000745200000, 0x0000000745200000, 0x0000000745400000|  0%| F|  |TAMS 0x0000000745200000| PB 0x0000000745200000| Untracked 
|  28|0x0000000745400000, 0x0000000745400000, 0x0000000745600000|  0%| F|  |TAMS 0x0000000745400000| PB 0x0000000745400000| Untracked 
|  29|0x0000000745600000, 0x0000000745600000, 0x0000000745800000|  0%| F|  |TAMS 0x0000000745600000| PB 0x0000000745600000| Untracked 
|  30|0x0000000745800000, 0x0000000745800000, 0x0000000745a00000|  0%| F|  |TAMS 0x0000000745800000| PB 0x0000000745800000| Untracked 
|  31|0x0000000745a00000, 0x0000000745a00000, 0x0000000745c00000|  0%| F|  |TAMS 0x0000000745a00000| PB 0x0000000745a00000| Untracked 
|  32|0x0000000745c00000, 0x0000000745c00000, 0x0000000745e00000|  0%| F|  |TAMS 0x0000000745c00000| PB 0x0000000745c00000| Untracked 
|  33|0x0000000745e00000, 0x0000000745e00000, 0x0000000746000000|  0%| F|  |TAMS 0x0000000745e00000| PB 0x0000000745e00000| Untracked 
|  34|0x0000000746000000, 0x0000000746000000, 0x0000000746200000|  0%| F|  |TAMS 0x0000000746000000| PB 0x0000000746000000| Untracked 
|  35|0x0000000746200000, 0x0000000746200000, 0x0000000746400000|  0%| F|  |TAMS 0x0000000746200000| PB 0x0000000746200000| Untracked 
|  36|0x0000000746400000, 0x0000000746400000, 0x0000000746600000|  0%| F|  |TAMS 0x0000000746400000| PB 0x0000000746400000| Untracked 
|  37|0x0000000746600000, 0x0000000746600000, 0x0000000746800000|  0%| F|  |TAMS 0x0000000746600000| PB 0x0000000746600000| Untracked 
|  38|0x0000000746800000, 0x0000000746800000, 0x0000000746a00000|  0%| F|  |TAMS 0x0000000746800000| PB 0x0000000746800000| Untracked 
|  39|0x0000000746a00000, 0x0000000746a00000, 0x0000000746c00000|  0%| F|  |TAMS 0x0000000746a00000| PB 0x0000000746a00000| Untracked 
|  40|0x0000000746c00000, 0x0000000746c00000, 0x0000000746e00000|  0%| F|  |TAMS 0x0000000746c00000| PB 0x0000000746c00000| Untracked 
|  41|0x0000000746e00000, 0x0000000746e00000, 0x0000000747000000|  0%| F|  |TAMS 0x0000000746e00000| PB 0x0000000746e00000| Untracked 
|  42|0x0000000747000000, 0x0000000747000000, 0x0000000747200000|  0%| F|  |TAMS 0x0000000747000000| PB 0x0000000747000000| Untracked 
|  43|0x0000000747200000, 0x0000000747200000, 0x0000000747400000|  0%| F|  |TAMS 0x0000000747200000| PB 0x0000000747200000| Untracked 
|  44|0x0000000747400000, 0x0000000747400000, 0x0000000747600000|  0%| F|  |TAMS 0x0000000747400000| PB 0x0000000747400000| Untracked 
|  45|0x0000000747600000, 0x0000000747600000, 0x0000000747800000|  0%| F|  |TAMS 0x0000000747600000| PB 0x0000000747600000| Untracked 
|  46|0x0000000747800000, 0x0000000747800000, 0x0000000747a00000|  0%| F|  |TAMS 0x0000000747800000| PB 0x0000000747800000| Untracked 
|  47|0x0000000747a00000, 0x0000000747a00000, 0x0000000747c00000|  0%| F|  |TAMS 0x0000000747a00000| PB 0x0000000747a00000| Untracked 
|  48|0x0000000747c00000, 0x0000000747c00000, 0x0000000747e00000|  0%| F|  |TAMS 0x0000000747c00000| PB 0x0000000747c00000| Untracked 
|  49|0x0000000747e00000, 0x0000000747e00000, 0x0000000748000000|  0%| F|  |TAMS 0x0000000747e00000| PB 0x0000000747e00000| Untracked 
|  50|0x0000000748000000, 0x0000000748000000, 0x0000000748200000|  0%| F|  |TAMS 0x0000000748000000| PB 0x0000000748000000| Untracked 
|  51|0x0000000748200000, 0x0000000748200000, 0x0000000748400000|  0%| F|  |TAMS 0x0000000748200000| PB 0x0000000748200000| Untracked 
|  52|0x0000000748400000, 0x0000000748400000, 0x0000000748600000|  0%| F|  |TAMS 0x0000000748400000| PB 0x0000000748400000| Untracked 
|  53|0x0000000748600000, 0x0000000748600000, 0x0000000748800000|  0%| F|  |TAMS 0x0000000748600000| PB 0x0000000748600000| Untracked 
|  54|0x0000000748800000, 0x0000000748800000, 0x0000000748a00000|  0%| F|  |TAMS 0x0000000748800000| PB 0x0000000748800000| Untracked 
|  55|0x0000000748a00000, 0x0000000748a00000, 0x0000000748c00000|  0%| F|  |TAMS 0x0000000748a00000| PB 0x0000000748a00000| Untracked 
|  56|0x0000000748c00000, 0x0000000748c00000, 0x0000000748e00000|  0%| F|  |TAMS 0x0000000748c00000| PB 0x0000000748c00000| Untracked 
|  57|0x0000000748e00000, 0x0000000748e00000, 0x0000000749000000|  0%| F|  |TAMS 0x0000000748e00000| PB 0x0000000748e00000| Untracked 
|  58|0x0000000749000000, 0x0000000749000000, 0x0000000749200000|  0%| F|  |TAMS 0x0000000749000000| PB 0x0000000749000000| Untracked 
|  59|0x0000000749200000, 0x0000000749200000, 0x0000000749400000|  0%| F|  |TAMS 0x0000000749200000| PB 0x0000000749200000| Untracked 
|  60|0x0000000749400000, 0x0000000749400000, 0x0000000749600000|  0%| F|  |TAMS 0x0000000749400000| PB 0x0000000749400000| Untracked 
|  61|0x0000000749600000, 0x0000000749600000, 0x0000000749800000|  0%| F|  |TAMS 0x0000000749600000| PB 0x0000000749600000| Untracked 
|  62|0x0000000749800000, 0x0000000749800000, 0x0000000749a00000|  0%| F|  |TAMS 0x0000000749800000| PB 0x0000000749800000| Untracked 
|  63|0x0000000749a00000, 0x0000000749a00000, 0x0000000749c00000|  0%| F|  |TAMS 0x0000000749a00000| PB 0x0000000749a00000| Untracked 
|  64|0x0000000749c00000, 0x0000000749c00000, 0x0000000749e00000|  0%| F|  |TAMS 0x0000000749c00000| PB 0x0000000749c00000| Untracked 
|  65|0x0000000749e00000, 0x0000000749e00000, 0x000000074a000000|  0%| F|  |TAMS 0x0000000749e00000| PB 0x0000000749e00000| Untracked 
|  66|0x000000074a000000, 0x000000074a000000, 0x000000074a200000|  0%| F|  |TAMS 0x000000074a000000| PB 0x000000074a000000| Untracked 
|  67|0x000000074a200000, 0x000000074a200000, 0x000000074a400000|  0%| F|  |TAMS 0x000000074a200000| PB 0x000000074a200000| Untracked 
|  68|0x000000074a400000, 0x000000074a400000, 0x000000074a600000|  0%| F|  |TAMS 0x000000074a400000| PB 0x000000074a400000| Untracked 
|  69|0x000000074a600000, 0x000000074a600000, 0x000000074a800000|  0%| F|  |TAMS 0x000000074a600000| PB 0x000000074a600000| Untracked 
|  70|0x000000074a800000, 0x000000074a800000, 0x000000074aa00000|  0%| F|  |TAMS 0x000000074a800000| PB 0x000000074a800000| Untracked 
|  71|0x000000074aa00000, 0x000000074aa00000, 0x000000074ac00000|  0%| F|  |TAMS 0x000000074aa00000| PB 0x000000074aa00000| Untracked 
|  72|0x000000074ac00000, 0x000000074ac00000, 0x000000074ae00000|  0%| F|  |TAMS 0x000000074ac00000| PB 0x000000074ac00000| Untracked 
|  73|0x000000074ae00000, 0x000000074ae00000, 0x000000074b000000|  0%| F|  |TAMS 0x000000074ae00000| PB 0x000000074ae00000| Untracked 
|  74|0x000000074b000000, 0x000000074b000000, 0x000000074b200000|  0%| F|  |TAMS 0x000000074b000000| PB 0x000000074b000000| Untracked 
|  75|0x000000074b200000, 0x000000074b200000, 0x000000074b400000|  0%| F|  |TAMS 0x000000074b200000| PB 0x000000074b200000| Untracked 
|  76|0x000000074b400000, 0x000000074b400000, 0x000000074b600000|  0%| F|  |TAMS 0x000000074b400000| PB 0x000000074b400000| Untracked 
|  77|0x000000074b600000, 0x000000074b600000, 0x000000074b800000|  0%| F|  |TAMS 0x000000074b600000| PB 0x000000074b600000| Untracked 
|  78|0x000000074b800000, 0x000000074b800000, 0x000000074ba00000|  0%| F|  |TAMS 0x000000074b800000| PB 0x000000074b800000| Untracked 
|  79|0x000000074ba00000, 0x000000074ba00000, 0x000000074bc00000|  0%| F|  |TAMS 0x000000074ba00000| PB 0x000000074ba00000| Untracked 
|  80|0x000000074bc00000, 0x000000074bc00000, 0x000000074be00000|  0%| F|  |TAMS 0x000000074bc00000| PB 0x000000074bc00000| Untracked 
|  81|0x000000074be00000, 0x000000074be00000, 0x000000074c000000|  0%| F|  |TAMS 0x000000074be00000| PB 0x000000074be00000| Untracked 
|  82|0x000000074c000000, 0x000000074c000000, 0x000000074c200000|  0%| F|  |TAMS 0x000000074c000000| PB 0x000000074c000000| Untracked 
|  83|0x000000074c200000, 0x000000074c400000, 0x000000074c400000|100%| S|CS|TAMS 0x000000074c200000| PB 0x000000074c200000| Complete 
|  84|0x000000074c400000, 0x000000074c600000, 0x000000074c600000|100%| S|CS|TAMS 0x000000074c400000| PB 0x000000074c400000| Complete 
|  85|0x000000074c600000, 0x000000074c600000, 0x000000074c800000|  0%| F|  |TAMS 0x000000074c600000| PB 0x000000074c600000| Untracked 
|  86|0x000000074c800000, 0x000000074c800000, 0x000000074ca00000|  0%| F|  |TAMS 0x000000074c800000| PB 0x000000074c800000| Untracked 
|  87|0x000000074ca00000, 0x000000074cbc0af0, 0x000000074cc00000| 87%| E|  |TAMS 0x000000074ca00000| PB 0x000000074ca00000| Complete 
|  88|0x000000074cc00000, 0x000000074ce00000, 0x000000074ce00000|100%| E|CS|TAMS 0x000000074cc00000| PB 0x000000074cc00000| Complete 
|  89|0x000000074ce00000, 0x000000074d000000, 0x000000074d000000|100%| E|CS|TAMS 0x000000074ce00000| PB 0x000000074ce00000| Complete 
|  90|0x000000074d000000, 0x000000074d200000, 0x000000074d200000|100%| E|CS|TAMS 0x000000074d000000| PB 0x000000074d000000| Complete 
|  91|0x000000074d200000, 0x000000074d400000, 0x000000074d400000|100%| E|CS|TAMS 0x000000074d200000| PB 0x000000074d200000| Complete 
|  92|0x000000074d400000, 0x000000074d600000, 0x000000074d600000|100%| E|CS|TAMS 0x000000074d400000| PB 0x000000074d400000| Complete 
|  93|0x000000074d600000, 0x000000074d800000, 0x000000074d800000|100%| E|CS|TAMS 0x000000074d600000| PB 0x000000074d600000| Complete 
|  94|0x000000074d800000, 0x000000074da00000, 0x000000074da00000|100%| E|CS|TAMS 0x000000074d800000| PB 0x000000074d800000| Complete 
|  95|0x000000074da00000, 0x000000074dc00000, 0x000000074dc00000|100%| E|CS|TAMS 0x000000074da00000| PB 0x000000074da00000| Complete 

Card table byte_map: [0x0000017ca1700000,0x0000017ca1d00000] _byte_map_base: 0x0000017c9dcf2000

Marking Bits: (CMBitMap*) 0x0000017c8998b1b0
 Bits: [0x0000017ca1d00000, 0x0000017ca4c90000)

Polling page: 0x0000017c87910000

Metaspace:

Usage:
  Non-class:      8.03 MB used.
      Class:      1.08 MB used.
       Both:      9.11 MB used.

Virtual space:
  Non-class space:       64.00 MB reserved,       8.19 MB ( 13%) committed,  1 nodes.
      Class space:        1.00 GB reserved,       1.19 MB ( <1%) committed,  1 nodes.
             Both:        1.06 GB reserved,       9.38 MB ( <1%) committed. 

Chunk freelists:
   Non-Class:  7.41 MB
       Class:  14.80 MB
        Both:  22.20 MB

MaxMetaspaceSize: unlimited
CompressedClassSpaceSize: 1.00 GB
Initial GC threshold: 21.00 MB
Current GC threshold: 21.00 MB
CDS: on
 - commit_granule_bytes: 65536.
 - commit_granule_words: 8192.
 - virtual_space_node_default_size: 8388608.
 - enlarge_chunks_in_place: 1.
 - use_allocation_guard: 0.


Internal statistics:

num_allocs_failed_limit: 0.
num_arena_births: 190.
num_arena_deaths: 0.
num_vsnodes_births: 2.
num_vsnodes_deaths: 0.
num_space_committed: 150.
num_space_uncommitted: 0.
num_chunks_returned_to_freelist: 0.
num_chunks_taken_from_freelist: 528.
num_chunk_merges: 0.
num_chunk_splits: 292.
num_chunks_enlarged: 169.
num_inconsistent_stats: 0.

CodeHeap 'non-profiled nmethods': size=120000Kb used=607Kb max_used=607Kb free=119392Kb
 bounds [0x0000017c998a0000, 0x0000017c99b10000, 0x0000017ca0dd0000]
CodeHeap 'profiled nmethods': size=120000Kb used=2990Kb max_used=2990Kb free=117009Kb
 bounds [0x0000017c91dd0000, 0x0000017c920c0000, 0x0000017c99300000]
CodeHeap 'non-nmethods': size=5760Kb used=1397Kb max_used=1429Kb free=4362Kb
 bounds [0x0000017c99300000, 0x0000017c99570000, 0x0000017c998a0000]
 total_blobs=2094 nmethods=1599 adapters=400
 compilation: enabled
              stopped_count=0, restarted_count=0
 full_count=0

Compilation events (20 events):
Event: 1.013 Thread 0x0000017ca769c940 1577       3       java.util.stream.Sink$ChainedReference::end (10 bytes)
Event: 1.013 Thread 0x0000017ca769c940 nmethod 1577 0x0000017c920af810 code [0x0000017c920af9c0, 0x0000017c920afba0]
Event: 1.013 Thread 0x0000017ca769c940 1578       3       java.util.stream.Sink$ChainedReference::cancellationRequested (10 bytes)
Event: 1.013 Thread 0x0000017ca769c940 nmethod 1578 0x0000017c920afc90 code [0x0000017c920afe40, 0x0000017c920b0020]
Event: 1.013 Thread 0x0000017ca769c940 1579       1       java.util.stream.MatchOps$BooleanTerminalSink::cancellationRequested (5 bytes)
Event: 1.013 Thread 0x0000017ca769c940 nmethod 1579 0x0000017c99936e90 code [0x0000017c99937020, 0x0000017c999370f0]
Event: 1.014 Thread 0x0000017ca769c940 1580       3       java.util.LinkedHashMap::entrySet (5 bytes)
Event: 1.014 Thread 0x0000017ca769c940 nmethod 1580 0x0000017c920b0110 code [0x0000017c920b02c0, 0x0000017c920b0480]
Event: 1.014 Thread 0x0000017ca769c940 1581       3       java.util.LinkedHashMap::sequencedEntrySet (31 bytes)
Event: 1.014 Thread 0x0000017ca769c940 nmethod 1581 0x0000017c920b0510 code [0x0000017c920b06e0, 0x0000017c920b0bf8]
Event: 1.014 Thread 0x0000017ca769c940 1582       3       jdk.internal.loader.AbstractClassLoaderValue::extractValue (17 bytes)
Event: 1.015 Thread 0x0000017ca769c940 nmethod 1582 0x0000017c920b0d90 code [0x0000017c920b0f60, 0x0000017c920b12f0]
Event: 1.019 Thread 0x0000017ca769c940 1583       3       org.springframework.util.ConcurrentReferenceHashMap$Segment::restructureIfNecessary (56 bytes)
Event: 1.019 Thread 0x0000017ca769c940 nmethod 1583 0x0000017c920b1410 code [0x0000017c920b15e0, 0x0000017c920b1ae8]
Event: 1.019 Thread 0x0000017ca769c940 1584       3       org.springframework.util.ConcurrentReferenceHashMap$ReferenceManager::pollForPurge (11 bytes)
Event: 1.020 Thread 0x0000017ca769c940 nmethod 1584 0x0000017c920b1c90 code [0x0000017c920b1e40, 0x0000017c920b2128]
Event: 1.020 Thread 0x0000017ca769c940 1585       3       java.lang.invoke.LambdaFormEditor::bindArgumentType (101 bytes)
Event: 1.021 Thread 0x0000017ca769c940 nmethod 1585 0x0000017c920b2210 code [0x0000017c920b23c0, 0x0000017c920b25e0]
Event: 1.021 Thread 0x0000017ca769c940 1586       3       java.lang.invoke.LambdaFormEditor::bindArgumentForm (255 bytes)
Event: 1.022 Thread 0x0000017ca769c940 nmethod 1586 0x0000017c920b2710 code [0x0000017c920b2ac0, 0x0000017c920b3f60]

GC Heap History (2 events):
Event: 0.558 GC heap before
{Heap before GC invocations=0 (full 0):
 garbage-first heap   total 196608K, used 20480K [0x0000000741c00000, 0x0000000800000000)
  region size 2048K, 11 young (22528K), 0 survivors (0K)
 Metaspace       used 4047K, committed 4160K, reserved 1114112K
  class space    used 417K, committed 448K, reserved 1048576K
}
Event: 0.563 GC heap after
{Heap after GC invocations=1 (full 0):
 garbage-first heap   total 196608K, used 10105K [0x0000000741c00000, 0x0000000800000000)
  region size 2048K, 2 young (4096K), 2 survivors (4096K)
 Metaspace       used 4047K, committed 4160K, reserved 1114112K
  class space    used 417K, committed 448K, reserved 1048576K
}

Dll operation events (8 events):
Event: 0.007 Loaded shared library C:\Program Files\Java\jdk-21\bin\java.dll
Event: 0.040 Loaded shared library C:\Program Files\Java\jdk-21\bin\jsvml.dll
Event: 0.061 Loaded shared library C:\Program Files\Java\jdk-21\bin\net.dll
Event: 0.063 Loaded shared library C:\Program Files\Java\jdk-21\bin\nio.dll
Event: 0.067 Loaded shared library C:\Program Files\Java\jdk-21\bin\zip.dll
Event: 0.122 Loaded shared library C:\Program Files\Java\jdk-21\bin\management.dll
Event: 0.127 Loaded shared library C:\Program Files\Java\jdk-21\bin\management_ext.dll
Event: 0.145 Loaded shared library C:\Program Files\Java\jdk-21\bin\jimage.dll

Deoptimization events (20 events):
Event: 0.962 Thread 0x0000017c876eb0a0 DEOPT PACKING pc=0x0000017c998cff6c sp=0x0000000c6aefd030
Event: 0.962 Thread 0x0000017c876eb0a0 DEOPT UNPACKING pc=0x0000017c993546a2 sp=0x0000000c6aefcfc8 mode 2
Event: 0.965 Thread 0x0000017c876eb0a0 Uncommon trap: trap_request=0xffffffde fr.pc=0x0000017c998cff6c relative=0x00000000000001cc
Event: 0.965 Thread 0x0000017c876eb0a0 Uncommon trap: reason=class_check action=maybe_recompile pc=0x0000017c998cff6c method=java.lang.String.equals(Ljava/lang/Object;)Z @ 8 c2
Event: 0.965 Thread 0x0000017c876eb0a0 DEOPT PACKING pc=0x0000017c998cff6c sp=0x0000000c6aefd030
Event: 0.965 Thread 0x0000017c876eb0a0 DEOPT UNPACKING pc=0x0000017c993546a2 sp=0x0000000c6aefcfc8 mode 2
Event: 0.965 Thread 0x0000017c876eb0a0 Uncommon trap: trap_request=0xffffffde fr.pc=0x0000017c998cff6c relative=0x00000000000001cc
Event: 0.965 Thread 0x0000017c876eb0a0 Uncommon trap: reason=class_check action=maybe_recompile pc=0x0000017c998cff6c method=java.lang.String.equals(Ljava/lang/Object;)Z @ 8 c2
Event: 0.965 Thread 0x0000017c876eb0a0 DEOPT PACKING pc=0x0000017c998cff6c sp=0x0000000c6aefd030
Event: 0.965 Thread 0x0000017c876eb0a0 DEOPT UNPACKING pc=0x0000017c993546a2 sp=0x0000000c6aefcfc8 mode 2
Event: 0.969 Thread 0x0000017c876eb0a0 Uncommon trap: trap_request=0xffffffde fr.pc=0x0000017c998cff6c relative=0x00000000000001cc
Event: 0.969 Thread 0x0000017c876eb0a0 Uncommon trap: reason=class_check action=maybe_recompile pc=0x0000017c998cff6c method=java.lang.String.equals(Ljava/lang/Object;)Z @ 8 c2
Event: 0.970 Thread 0x0000017c876eb0a0 DEOPT PACKING pc=0x0000017c998cff6c sp=0x0000000c6aefcf50
Event: 0.970 Thread 0x0000017c876eb0a0 DEOPT UNPACKING pc=0x0000017c993546a2 sp=0x0000000c6aefcee8 mode 2
Event: 0.995 Thread 0x0000017c876eb0a0 Uncommon trap: trap_request=0xffffff45 fr.pc=0x0000017c999120c4 relative=0x00000000000003e4
Event: 0.995 Thread 0x0000017c876eb0a0 Uncommon trap: reason=unstable_if action=reinterpret pc=0x0000017c999120c4 method=java.lang.Integer.getChars(II[B)I @ 25 c2
Event: 0.995 Thread 0x0000017c876eb0a0 DEOPT PACKING pc=0x0000017c999120c4 sp=0x0000000c6aefc9f0
Event: 0.995 Thread 0x0000017c876eb0a0 DEOPT UNPACKING pc=0x0000017c993546a2 sp=0x0000000c6aefc918 mode 2
Event: 1.006 Thread 0x0000017c876eb0a0 DEOPT PACKING pc=0x0000017c91efd388 sp=0x0000000c6aef9cd0
Event: 1.006 Thread 0x0000017c876eb0a0 DEOPT UNPACKING pc=0x0000017c99354e42 sp=0x0000000c6aef9158 mode 0

Classes loaded (20 events):
Event: 0.914 Loading class java/util/stream/SpinedBuffer done
Event: 0.914 Loading class java/util/stream/Nodes$SpinedNodeBuilder done
Event: 0.927 Loading class java/util/concurrent/atomic/AtomicLongArray
Event: 0.927 Loading class java/util/concurrent/atomic/AtomicLongArray done
Event: 0.927 Loading class java/lang/invoke/VarHandleLongs$Array
Event: 0.927 Loading class java/lang/invoke/VarHandleLongs$Array done
Event: 0.928 Loading class java/util/concurrent/atomic/AtomicReferenceArray
Event: 0.928 Loading class java/util/concurrent/atomic/AtomicReferenceArray done
Event: 0.928 Loading class java/lang/invoke/VarHandleReferences$Array
Event: 0.928 Loading class java/lang/invoke/VarHandleReferences$Array done
Event: 0.994 Loading class java/time/ZonedDateTime
Event: 0.994 Loading class java/time/chrono/ChronoZonedDateTime
Event: 0.994 Loading class java/time/chrono/ChronoZonedDateTime done
Event: 0.994 Loading class java/time/ZonedDateTime done
Event: 0.994 Loading class java/time/ZonedDateTime$1
Event: 0.994 Loading class java/time/ZonedDateTime$1 done
Event: 1.008 Loading class java/lang/FunctionalInterface
Event: 1.008 Loading class java/lang/FunctionalInterface done
Event: 1.009 Loading class java/lang/Deprecated
Event: 1.009 Loading class java/lang/Deprecated done

Classes unloaded (0 events):
No events

Classes redefined (0 events):
No events

Internal exceptions (20 events):
Event: 0.660 Thread 0x0000017c876eb0a0 Exception <a 'java/lang/NoSuchMethodError'{0x000000074d9b52a0}: 'long java.lang.invoke.DirectMethodHandle$Holder.invokeSpecial(java.lang.Object, java.lang.Object)'> (0x000000074d9b52a0) 
thrown [s\open\src\hotspot\share\interpreter\linkResolver.cpp, line 773]
Event: 0.660 Thread 0x0000017c876eb0a0 Exception <a 'java/lang/NoSuchMethodError'{0x000000074d9b87e0}: 'long java.lang.invoke.Invokers$Holder.invokeExact_MT(java.lang.Object, java.lang.Object)'> (0x000000074d9b87e0) 
thrown [s\open\src\hotspot\share\interpreter\linkResolver.cpp, line 773]
Event: 0.673 Thread 0x0000017c876eb0a0 Exception <a 'java/lang/NoSuchMethodError'{0x000000074d60eb80}: 'void java.lang.invoke.DirectMethodHandle$Holder.invokeInterface(java.lang.Object, java.lang.Object, java.lang.Object, java.lang.Object)'> (0x000000074d60eb80) 
thrown [s\open\src\hotspot\share\interpreter\linkResolver.cpp, line 773]
Event: 0.673 Thread 0x0000017c876eb0a0 Exception <a 'java/lang/IncompatibleClassChangeError'{0x000000074d6121d8}: Found class java.lang.Object, but interface was expected> (0x000000074d6121d8) 
thrown [s\open\src\hotspot\share\interpreter\linkResolver.cpp, line 840]
Event: 0.676 Thread 0x0000017c876eb0a0 Exception <a 'java/lang/NoSuchMethodError'{0x000000074d632600}: 'void java.lang.invoke.DirectMethodHandle$Holder.invokeStatic(java.lang.Object, java.lang.Object, java.lang.Object, java.lang.Object)'> (0x000000074d632600) 
thrown [s\open\src\hotspot\share\interpreter\linkResolver.cpp, line 773]
Event: 0.687 Thread 0x0000017c876eb0a0 Exception <a 'java/lang/NoSuchMethodError'{0x000000074d6b4538}: 'int java.lang.invoke.DirectMethodHandle$Holder.invokeStatic(java.lang.Object, java.lang.Object, java.lang.Object, java.lang.Object)'> (0x000000074d6b4538) 
thrown [s\open\src\hotspot\share\interpreter\linkResolver.cpp, line 773]
Event: 0.688 Thread 0x0000017c876eb0a0 Exception <a 'java/lang/NoSuchMethodError'{0x000000074d6b7bc8}: 'java.lang.Object java.lang.invoke.Invokers$Holder.invokeExact_MT(java.lang.Object, java.lang.Object, java.lang.Object, java.lang.Object, java.lang.Object, java.lang.Object)'> (0x000000074d6b7bc8) 
thrown [s\open\src\hotspot\share\interpreter\linkResolver.cpp, line 773]
Event: 0.689 Thread 0x0000017c876eb0a0 Exception <a 'java/lang/NoSuchMethodError'{0x000000074d6c5330}: 'int java.lang.invoke.DirectMethodHandle$Holder.invokeStatic(java.lang.Object, java.lang.Object, java.lang.Object, java.lang.Object, java.lang.Object)'> (0x000000074d6c5330) 
thrown [s\open\src\hotspot\share\interpreter\linkResolver.cpp, line 773]
Event: 0.697 Thread 0x0000017c876eb0a0 Exception <a 'java/lang/NoSuchMethodError'{0x000000074d7087b0}: 'void java.lang.invoke.DirectMethodHandle$Holder.invokeStaticInit(java.lang.Object)'> (0x000000074d7087b0) 
thrown [s\open\src\hotspot\share\interpreter\linkResolver.cpp, line 773]
Event: 0.711 Thread 0x0000017c876eb0a0 Exception <a 'java/lang/NoSuchMethodError'{0x000000074d7bc8b8}: 'void java.lang.invoke.DirectMethodHandle$Holder.invokeStaticInit(java.lang.Object, java.lang.Object, java.lang.Object, java.lang.Object)'> (0x000000074d7bc8b8) 
thrown [s\open\src\hotspot\share\interpreter\linkResolver.cpp, line 773]
Event: 0.722 Thread 0x0000017c876eb0a0 Exception <a 'java/lang/NoSuchMethodError'{0x000000074d42e0d8}: 'int java.lang.invoke.DirectMethodHandle$Holder.invokeStaticInit(java.lang.Object, java.lang.Object)'> (0x000000074d42e0d8) 
thrown [s\open\src\hotspot\share\interpreter\linkResolver.cpp, line 773]
Event: 0.767 Thread 0x0000017c876eb0a0 Exception <a 'java/lang/NoSuchMethodError'{0x000000074d598f68}: 'void java.lang.invoke.DirectMethodHandle$Holder.invokeStatic(java.lang.Object, java.lang.Object)'> (0x000000074d598f68) 
thrown [s\open\src\hotspot\share\interpreter\linkResolver.cpp, line 773]
Event: 0.820 Thread 0x0000017c876eb0a0 Exception <a 'java/lang/ClassNotFoundException'{0x000000074d3195a8}: javax/smartcardio/CardPermission> (0x000000074d3195a8) 
thrown [s\open\src\hotspot\share\classfile\systemDictionary.cpp, line 312]
Event: 0.824 Thread 0x0000017c876eb0a0 Exception <a 'java/io/FileNotFoundException'{0x000000074d328228}> (0x000000074d328228) 
thrown [s\open\src\hotspot\share\prims\jni.cpp, line 520]
Event: 0.840 Thread 0x0000017c876eb0a0 Exception <a 'java/lang/NoSuchMethodError'{0x000000074d3b44f0}: 'java.lang.Object java.lang.invoke.DirectMethodHandle$Holder.invokeSpecial(java.lang.Object, java.lang.Object, java.lang.Object, long, java.lang.Object)'> (0x000000074d3b44f0) 
thrown [s\open\src\hotspot\share\interpreter\linkResolver.cpp, line 773]
Event: 0.840 Thread 0x0000017c876eb0a0 Exception <a 'java/lang/NoSuchMethodError'{0x000000074d3b8370}: 'java.lang.Object java.lang.invoke.Invokers$Holder.linkToTargetMethod(java.lang.Object, long, java.lang.Object, java.lang.Object)'> (0x000000074d3b8370) 
thrown [s\open\src\hotspot\share\interpreter\linkResolver.cpp, line 773]
Event: 0.942 Thread 0x0000017c876eb0a0 Exception <a 'java/lang/NoSuchMethodError'{0x000000074cf78470}: 'int java.lang.invoke.DirectMethodHandle$Holder.invokeStaticInit(java.lang.Object, java.lang.Object, java.lang.Object)'> (0x000000074cf78470) 
thrown [s\open\src\hotspot\share\interpreter\linkResolver.cpp, line 773]
Event: 0.967 Thread 0x0000017c876eb0a0 Exception <a 'java/lang/NoSuchMethodError'{0x000000074cc70ea0}: 'int java.lang.invoke.DirectMethodHandle$Holder.invokeInterface(java.lang.Object, java.lang.Object)'> (0x000000074cc70ea0) 
thrown [s\open\src\hotspot\share\interpreter\linkResolver.cpp, line 773]
Event: 0.989 Thread 0x0000017c876eb0a0 Exception <a 'java/lang/NoSuchMethodError'{0x000000074cd41a70}: 'void java.lang.invoke.DirectMethodHandle$Holder.invokeStaticInit(java.lang.Object, java.lang.Object)'> (0x000000074cd41a70) 
thrown [s\open\src\hotspot\share\interpreter\linkResolver.cpp, line 773]
Event: 1.012 Thread 0x0000017c876eb0a0 Exception <a 'java/lang/NoSuchMethodError'{0x000000074cdf8aa8}: 'int java.lang.invoke.DirectMethodHandle$Holder.invokeVirtual(java.lang.Object, java.lang.Object, java.lang.Object)'> (0x000000074cdf8aa8) 
thrown [s\open\src\hotspot\share\interpreter\linkResolver.cpp, line 773]

ZGC Phase Switch (0 events):
No events

VM Operations (18 events):
Event: 0.068 Executing VM operation: HandshakeAllThreads (Deoptimize)
Event: 0.068 Executing VM operation: HandshakeAllThreads (Deoptimize) done
Event: 0.247 Executing VM operation: HandshakeAllThreads (Deoptimize)
Event: 0.247 Executing VM operation: HandshakeAllThreads (Deoptimize) done
Event: 0.376 Executing VM operation: HandshakeAllThreads (Deoptimize)
Event: 0.376 Executing VM operation: HandshakeAllThreads (Deoptimize) done
Event: 0.520 Executing VM operation: HandshakeAllThreads (Deoptimize)
Event: 0.520 Executing VM operation: HandshakeAllThreads (Deoptimize) done
Event: 0.524 Executing VM operation: HandshakeAllThreads (Deoptimize)
Event: 0.524 Executing VM operation: HandshakeAllThreads (Deoptimize) done
Event: 0.558 Executing VM operation: G1CollectForAllocation (G1 Evacuation Pause)
Event: 0.564 Executing VM operation: G1CollectForAllocation (G1 Evacuation Pause) done
Event: 0.659 Executing VM operation: HandshakeAllThreads (Deoptimize)
Event: 0.659 Executing VM operation: HandshakeAllThreads (Deoptimize) done
Event: 0.789 Executing VM operation: HandshakeAllThreads (Deoptimize)
Event: 0.789 Executing VM operation: HandshakeAllThreads (Deoptimize) done
Event: 0.968 Executing VM operation: HandshakeAllThreads (Deoptimize)
Event: 0.968 Executing VM operation: HandshakeAllThreads (Deoptimize) done

Events (14 events):
Event: 0.023 Thread 0x0000017c876eb0a0 Thread added: 0x0000017c876eb0a0
Event: 0.037 Thread 0x0000017ca76786b0 Thread added: 0x0000017ca76786b0
Event: 0.037 Thread 0x0000017ca767b9d0 Thread added: 0x0000017ca767b9d0
Event: 0.037 Thread 0x0000017ca76807b0 Thread added: 0x0000017ca76807b0
Event: 0.037 Thread 0x0000017ca7683490 Thread added: 0x0000017ca7683490
Event: 0.037 Thread 0x0000017ca7685ef0 Thread added: 0x0000017ca7685ef0
Event: 0.038 Thread 0x0000017ca7686940 Thread added: 0x0000017ca7686940
Event: 0.038 Thread 0x0000017ca7699ea0 Thread added: 0x0000017ca7699ea0
Event: 0.038 Thread 0x0000017ca769c940 Thread added: 0x0000017ca769c940
Event: 0.057 Thread 0x0000017ca791bd70 Thread added: 0x0000017ca791bd70
Event: 0.058 Thread 0x0000017ca79229d0 Thread added: 0x0000017ca79229d0
Event: 0.172 Thread 0x0000017ca7a22080 Thread added: 0x0000017ca7a22080
Event: 0.258 Thread 0x0000017ced039a10 Thread added: 0x0000017ced039a10
Event: 0.269 Thread 0x0000017ced415940 Thread added: 0x0000017ced415940


Dynamic libraries:
0x00007ff7214a0000 - 0x00007ff7214b0000 	C:\Program Files\Java\jdk-21\bin\java.exe
0x00007ffab4e90000 - 0x00007ffab5088000 	C:\Windows\SYSTEM32\ntdll.dll
0x00007ffab4c50000 - 0x00007ffab4d12000 	C:\Windows\System32\KERNEL32.DLL
0x00007ffab2700000 - 0x00007ffab29ff000 	C:\Windows\System32\KERNELBASE.dll
0x00007ffab2c40000 - 0x00007ffab2d40000 	C:\Windows\System32\ucrtbase.dll
0x00007ffa9d040000 - 0x00007ffa9d05b000 	C:\Program Files\Java\jdk-21\bin\VCRUNTIME140.dll
0x00007ffaa8e30000 - 0x00007ffaa8e49000 	C:\Program Files\Java\jdk-21\bin\jli.dll
0x00007ffab3330000 - 0x00007ffab33e1000 	C:\Windows\System32\ADVAPI32.dll
0x00007ffab4890000 - 0x00007ffab492e000 	C:\Windows\System32\msvcrt.dll
0x00007ffab3f40000 - 0x00007ffab3fdf000 	C:\Windows\System32\sechost.dll
0x00007ffab3480000 - 0x00007ffab35a3000 	C:\Windows\System32\RPCRT4.dll
0x00007ffab2c10000 - 0x00007ffab2c37000 	C:\Windows\System32\bcrypt.dll
0x00007ffab4ab0000 - 0x00007ffab4c4d000 	C:\Windows\System32\USER32.dll
0x00007ffab26d0000 - 0x00007ffab26f2000 	C:\Windows\System32\win32u.dll
0x00007ffaa1b10000 - 0x00007ffaa1daa000 	C:\Windows\WinSxS\amd64_microsoft.windows.common-controls_6595b64144ccf1df_6.0.19041.4355_none_60b8b9eb71f62e16\COMCTL32.dll
0x00007ffab47a0000 - 0x00007ffab47cb000 	C:\Windows\System32\GDI32.dll
0x00007ffab25b0000 - 0x00007ffab26c7000 	C:\Windows\System32\gdi32full.dll
0x00007ffab2a00000 - 0x00007ffab2a9d000 	C:\Windows\System32\msvcp_win.dll
0x00007ffaadaf0000 - 0x00007ffaadafa000 	C:\Windows\SYSTEM32\VERSION.dll
0x00007ffab41c0000 - 0x00007ffab41ef000 	C:\Windows\System32\IMM32.DLL
0x00007ffa9d030000 - 0x00007ffa9d03c000 	C:\Program Files\Java\jdk-21\bin\vcruntime140_1.dll
0x00007ffa81b90000 - 0x00007ffa81c1e000 	C:\Program Files\Java\jdk-21\bin\msvcp140.dll
0x00007ffa3b480000 - 0x00007ffa3c198000 	C:\Program Files\Java\jdk-21\bin\server\jvm.dll
0x00007ffab35b0000 - 0x00007ffab361b000 	C:\Windows\System32\WS2_32.dll
0x00007ffab2260000 - 0x00007ffab22ab000 	C:\Windows\SYSTEM32\POWRPROF.dll
0x00007ffaa1f60000 - 0x00007ffaa1f87000 	C:\Windows\SYSTEM32\WINMM.dll
0x00007ffab2240000 - 0x00007ffab2252000 	C:\Windows\SYSTEM32\UMPDC.dll
0x00007ffab03a0000 - 0x00007ffab03b2000 	C:\Windows\SYSTEM32\kernel.appcore.dll
0x00007ffa9d020000 - 0x00007ffa9d02a000 	C:\Program Files\Java\jdk-21\bin\jimage.dll
0x00007ffa98720000 - 0x00007ffa98904000 	C:\Windows\SYSTEM32\DBGHELP.DLL
0x00007ffa98300000 - 0x00007ffa98334000 	C:\Windows\SYSTEM32\dbgcore.DLL
0x00007ffab2520000 - 0x00007ffab25a2000 	C:\Windows\System32\bcryptPrimitives.dll
0x00007ffa9d000000 - 0x00007ffa9d01f000 	C:\Program Files\Java\jdk-21\bin\java.dll
0x00007ffab3620000 - 0x00007ffab3d8e000 	C:\Windows\System32\SHELL32.dll
0x00007ffab05a0000 - 0x00007ffab0d44000 	C:\Windows\SYSTEM32\windows.storage.dll
0x00007ffab4440000 - 0x00007ffab4795000 	C:\Windows\System32\combase.dll
0x00007ffab1e80000 - 0x00007ffab1eaf000 	C:\Windows\SYSTEM32\Wldp.dll
0x00007ffab4200000 - 0x00007ffab42cd000 	C:\Windows\System32\OLEAUT32.dll
0x00007ffab4da0000 - 0x00007ffab4e4d000 	C:\Windows\System32\SHCORE.dll
0x00007ffab3410000 - 0x00007ffab3465000 	C:\Windows\System32\shlwapi.dll
0x00007ffab2450000 - 0x00007ffab2474000 	C:\Windows\SYSTEM32\profapi.dll
0x00007ffa81ab0000 - 0x00007ffa81b87000 	C:\Program Files\Java\jdk-21\bin\jsvml.dll
0x00007ffa9cfb0000 - 0x00007ffa9cfc0000 	C:\Program Files\Java\jdk-21\bin\net.dll
0x00007ffaaa310000 - 0x00007ffaaa41d000 	C:\Windows\SYSTEM32\WINHTTP.dll
0x00007ffab1be0000 - 0x00007ffab1c4a000 	C:\Windows\system32\mswsock.dll
0x00007ffa9cc60000 - 0x00007ffa9cc76000 	C:\Program Files\Java\jdk-21\bin\nio.dll
0x00007ffa9cc20000 - 0x00007ffa9cc38000 	C:\Program Files\Java\jdk-21\bin\zip.dll
0x00007ffa9cbf0000 - 0x00007ffa9cbfa000 	C:\Program Files\Java\jdk-21\bin\management.dll
0x00007ffa91570000 - 0x00007ffa9157b000 	C:\Program Files\Java\jdk-21\bin\management_ext.dll
0x00007ffab2ea0000 - 0x00007ffab2ea8000 	C:\Windows\System32\PSAPI.DLL

dbghelp: loaded successfully - version: 4.0.5 - missing functions: none
symbol engine: initialized successfully - sym options: 0x614 - pdb path: .;C:\Program Files\Java\jdk-21\bin;C:\Windows\SYSTEM32;C:\Windows\WinSxS\amd64_microsoft.windows.common-controls_6595b64144ccf1df_6.0.19041.4355_none_60b8b9eb71f62e16;C:\Program Files\Java\jdk-21\bin\server

VM Arguments:
java_command: C:\Users\pc\AppData\Local\Temp\surefire13292640304157061716\surefirebooter-20250129164210498_3.jar C:\Users\pc\AppData\Local\Temp\surefire13292640304157061716 2025-01-29T16-42-10_359-jvmRun1 surefire-20250129164210498_1tmp surefire_0-20250129164210498_2tmp
java_class_path (initial): C:\Users\pc\AppData\Local\Temp\surefire13292640304157061716\surefirebooter-20250129164210498_3.jar
Launcher Type: SUN_STANDARD

[Global flags]
     intx CICompilerCount                          = 4                                         {product} {ergonomic}
     uint ConcGCThreads                            = 2                                         {product} {ergonomic}
     uint G1ConcRefinementThreads                  = 8                                         {product} {ergonomic}
   size_t G1HeapRegionSize                         = 2097152                                   {product} {ergonomic}
    uintx GCDrainStackTargetSize                   = 64                                        {product} {ergonomic}
   size_t InitialHeapSize                          = 201326592                                 {product} {ergonomic}
   size_t MarkStackSize                            = 4194304                                   {product} {ergonomic}
   size_t MaxHeapSize                              = 3191865344                                {product} {ergonomic}
   size_t MaxNewSize                               = 1914699776                                {product} {ergonomic}
   size_t MinHeapDeltaBytes                        = 2097152                                   {product} {ergonomic}
   size_t MinHeapSize                              = 8388608                                   {product} {ergonomic}
    uintx NonNMethodCodeHeapSize                   = 5839372                                {pd product} {ergonomic}
    uintx NonProfiledCodeHeapSize                  = 122909434                              {pd product} {ergonomic}
    uintx ProfiledCodeHeapSize                     = 122909434                              {pd product} {ergonomic}
    uintx ReservedCodeCacheSize                    = 251658240                              {pd product} {ergonomic}
     bool SegmentedCodeCache                       = true                                      {product} {ergonomic}
   size_t SoftMaxHeapSize                          = 3191865344                             {manageable} {ergonomic}
     bool UseCompressedOops                        = true                           {product lp64_product} {ergonomic}
     bool UseG1GC                                  = true                                      {product} {ergonomic}
     bool UseLargePagesIndividualAllocation        = false                                  {pd product} {ergonomic}

Logging:
Log output configuration:
 #0: stdout all=warning uptime,level,tags foldmultilines=false
 #1: stderr all=off uptime,level,tags foldmultilines=false

Environment Variables:
JAVA_HOME=C:\Program Files\Java\jdk-21
PATH=C:\Program Files\Common Files\Oracle\Java\javapath;C:\Windows\system32;C:\Windows;C:\Windows\System32\Wbem;C:\Windows\System32\WindowsPowerShell\v1.0\;C:\Windows\System32\OpenSSH\;C:\Program Files\Git\cmd;C:\Program Files\Java\jdk-21\bin;C:\javacc\scripts;C:\Program Files (x86)\sbt\bin;C:\Program Files\nodejs\;C:\Users\pc\Documents\apache-maven-3.9.9-bin\apache-maven-3.9.9\bin;C:\Users\pc\scoop\shims;C:\Users\pc\AppData\Local\Microsoft\WindowsApps;C:\Users\pc\AppData\Local\Programs\Microsoft VS Code\bin;C:\Users\pc\AppData\Roaming\npm
USERNAME=pc
OS=Windows_NT
PROCESSOR_IDENTIFIER=Intel64 Family 6 Model 158 Stepping 9, GenuineIntel
TMP=C:\Users\pc\AppData\Local\Temp
TEMP=C:\Users\pc\AppData\Local\Temp




Periodic native trim disabled

---------------  S Y S T E M  ---------------

OS:
 Windows 10 , 64 bit Build 19041 (10.0.19041.5198)
OS uptime: 2 days 5:44 hours

CPU: total 8 (initial active 8) (4 cores per cpu, 2 threads per core) family 6 model 158 stepping 9 microcode 0xb4, cx8, cmov, fxsr, ht, mmx, 3dnowpref, sse, sse2, sse3, ssse3, sse4.1, sse4.2, popcnt, lzcnt, tsc, tscinvbit, avx, avx2, aes, erms, clmul, bmi1, bmi2, adx, fma, vzeroupper, clflush, clflushopt, rdtscp, f16c
Processor Information for all 8 processors :
  Max Mhz: 2808, Current Mhz: 2808, Mhz Limit: 2808

Memory: 4k page, system-wide physical 12172M (1741M free)
TotalPageFile size 15107M (AvailPageFile size 4M)
current process WorkingSet (physical memory assigned to process): 97M, peak: 97M
current process commit charge ("private bytes"): 303M, peak: 303M

vm_info: Java HotSpot(TM) 64-Bit Server VM (21.0.5+9-LTS-239) for windows-amd64 JRE (21.0.5+9-LTS-239), built on 2024-09-30T05:17:38Z by "mach5one" with MS VC++ 17.6 (VS2022)

END.
